npm verbose cli C:\Program Files\nodejs\node.exe C:\Program Files\nodejs\node_modules\npm\bin\npm-cli.js
npm info using npm@10.9.2
npm info using node@v22.14.0
npm verbose title npm install
npm verbose argv "install" "--legacy-peer-deps" "--loglevel" "verbose"
npm verbose logfile logs-max:10 dir:C:\Users\Nataliaado\AppData\Local\npm-cache\_logs\2025-10-22T19_34_58_300Z-
npm verbose logfile C:\Users\Nataliaado\AppData\Local\npm-cache\_logs\2025-10-22T19_34_58_300Z-debug-0.log
npm http fetch GET 200 https://registry.npmjs.org/@faker-js%2ffaker 1165ms (cache revalidated)
npm http fetch GET 200 https://registry.npmjs.org/cypress-mochawesome-reporter 437ms (cache revalidated)
npm http fetch GET 200 https://registry.npmjs.org/browserstack-cypress-cli 826ms (cache revalidated)
npm http fetch GET 200 https://registry.npmjs.org/cypress 202ms (cache revalidated)
npm http fetch GET 200 https://registry.npmjs.org/archiver 184ms (cache revalidated)
npm http fetch GET 200 https://registry.npmjs.org/axios-retry 275ms (cache revalidated)
npm http fetch GET 200 https://registry.npmjs.org/axios 567ms (cache revalidated)
npm http fetch GET 200 https://registry.npmjs.org/browserstack-local 263ms (cache revalidated)
npm http fetch GET 200 https://registry.npmjs.org/chalk 207ms (cache revalidated)
npm http fetch GET 200 https://registry.npmjs.org/decompress 81ms (cache revalidated)
npm http fetch GET 200 https://registry.npmjs.org/cli-progress 198ms (cache revalidated)
npm http fetch GET 200 https://registry.npmjs.org/form-data 85ms (cache revalidated)
npm http fetch GET 200 https://registry.npmjs.org/getmac 87ms (cache revalidated)
npm http fetch GET 200 https://registry.npmjs.org/async 1129ms (cache revalidated)
npm http fetch GET 200 https://registry.npmjs.org/fs-extra 270ms (cache revalidated)
npm http fetch GET 200 https://registry.npmjs.org/git-repo-info 206ms (cache revalidated)
npm http fetch GET 200 https://registry.npmjs.org/gitconfiglocal 213ms (cache revalidated)
npm http fetch GET 200 https://registry.npmjs.org/glob 227ms (cache revalidated)
npm http fetch GET 200 https://registry.npmjs.org/mkdirp 200ms (cache revalidated)
npm http fetch GET 200 https://registry.npmjs.org/mocha 245ms (cache revalidated)
npm http fetch GET 200 https://registry.npmjs.org/git-last-commit 812ms (cache revalidated)
npm http fetch GET 200 https://registry.npmjs.org/tsc-alias 75ms (cache revalidated)
npm http fetch GET 200 https://registry.npmjs.org/unzipper 78ms (cache revalidated)
npm http fetch GET 200 https://registry.npmjs.org/table 234ms (cache revalidated)
npm http fetch GET 200 https://registry.npmjs.org/update-notifier 74ms (cache revalidated)
npm http fetch GET 200 https://registry.npmjs.org/windows-release 92ms (cache revalidated)
npm http fetch GET 200 https://registry.npmjs.org/winston 99ms (cache revalidated)
npm http fetch GET 200 https://registry.npmjs.org/uuid 227ms (cache revalidated)
npm http fetch GET 200 https://registry.npmjs.org/node-ipc 797ms (cache revalidated)
npm http fetch GET 200 https://registry.npmjs.org/yargs 90ms (cache revalidated)
npm http fetch GET 200 https://registry.npmjs.org/dayjs 76ms (cache revalidated)
npm http fetch GET 200 https://registry.npmjs.org/tmp 224ms (cache revalidated)
npm http fetch GET 200 https://registry.npmjs.org/debug 68ms (cache revalidated)
npm http fetch GET 200 https://registry.npmjs.org/arch 229ms (cache revalidated)
npm http fetch GET 200 https://registry.npmjs.org/getos 70ms (cache revalidated)
npm http fetch GET 200 https://registry.npmjs.org/buffer 63ms (cache revalidated)
npm http fetch GET 200 https://registry.npmjs.org/execa 203ms (cache revalidated)
npm http fetch GET 200 https://registry.npmjs.org/yauzl 217ms (cache revalidated)
npm http fetch GET 200 https://registry.npmjs.org/listr2 144ms (cache revalidated)
npm http fetch GET 200 https://registry.npmjs.org/semver 85ms (cache revalidated)
npm http fetch GET 200 https://registry.npmjs.org/ospath 134ms (cache revalidated)
npm http fetch GET 200 https://registry.npmjs.org/lodash 243ms (cache revalidated)
npm http fetch GET 200 https://registry.npmjs.org/ci-info 83ms (cache revalidated)
npm http fetch GET 200 https://registry.npmjs.org/bluebird 85ms (cache revalidated)
npm http fetch GET 200 https://registry.npmjs.org/figures 212ms (cache revalidated)
npm http fetch GET 200 https://registry.npmjs.org/process 216ms (cache revalidated)
npm http fetch GET 200 https://registry.npmjs.org/cachedir 85ms (cache revalidated)
npm http fetch GET 200 https://registry.npmjs.org/minimist 76ms (cache revalidated)
npm http fetch GET 200 https://registry.npmjs.org/enquirer 202ms (cache revalidated)
npm http fetch GET 200 https://registry.npmjs.org/blob-util 86ms (cache revalidated)
npm http fetch GET 200 https://registry.npmjs.org/lazy-ass 257ms (cache revalidated)
npm http fetch GET 200 https://registry.npmjs.org/tree-kill 66ms (cache revalidated)
npm http fetch GET 200 https://registry.npmjs.org/cli-cursor 72ms (cache revalidated)
npm http fetch GET 200 https://registry.npmjs.org/commander 206ms (cache revalidated)
npm http fetch GET 200 https://registry.npmjs.org/cli-table3 82ms (cache revalidated)
npm http fetch GET 200 https://registry.npmjs.org/untildify 211ms (cache revalidated)
npm http fetch GET 200 https://registry.npmjs.org/common-tags 96ms (cache revalidated)
npm http fetch GET 200 https://registry.npmjs.org/log-symbols 72ms (cache revalidated)
npm http fetch GET 200 https://registry.npmjs.org/executable 207ms (cache revalidated)
npm http fetch GET 200 https://registry.npmjs.org/extract-zip 222ms (cache revalidated)
npm http fetch GET 200 https://registry.npmjs.org/pretty-bytes 103ms (cache revalidated)
npm http fetch GET 200 https://registry.npmjs.org/eventemitter2 65ms (cache revalidated)
npm http fetch GET 200 https://registry.npmjs.org/proxy-from-env 69ms (cache revalidated)
npm http fetch GET 200 https://registry.npmjs.org/supports-color 82ms (cache revalidated)
npm http fetch GET 200 https://registry.npmjs.org/@types%2fsizzle 242ms (cache revalidated)
npm http fetch GET 200 https://registry.npmjs.org/@cypress%2frequest 118ms (cache revalidated)
npm http fetch GET 200 https://registry.npmjs.org/request-progress 93ms (cache revalidated)
npm http fetch GET 200 https://registry.npmjs.org/check-more-types 275ms (cache revalidated)
npm http fetch GET 200 https://registry.npmjs.org/is-installed-globally 77ms (cache revalidated)
npm http fetch GET 200 https://registry.npmjs.org/@cypress%2fxvfb 610ms (cache revalidated)
npm http fetch GET 200 https://registry.npmjs.org/mochawesome 81ms (cache revalidated)
npm http fetch GET 200 https://registry.npmjs.org/mochawesome-report-generator 82ms (cache revalidated)
npm http fetch GET 200 https://registry.npmjs.org/mochawesome-merge 202ms (cache revalidated)
npm http fetch GET 200 https://registry.npmjs.org/@types%2fsinonjs__fake-timers 235ms (cache revalidated)
npm http fetch GET 200 https://registry.npmjs.org/archiver-utils 66ms (cache revalidated)
npm http fetch GET 200 https://registry.npmjs.org/readdir-glob 72ms (cache revalidated)
npm http fetch GET 200 https://registry.npmjs.org/buffer-crc32 202ms (cache revalidated)
npm http fetch GET 200 https://registry.npmjs.org/tar-stream 75ms (cache revalidated)
npm http fetch GET 200 https://registry.npmjs.org/readable-stream 263ms (cache revalidated)
npm http fetch GET 200 https://registry.npmjs.org/follow-redirects 127ms (cache revalidated)
npm http fetch GET 200 https://registry.npmjs.org/zip-stream 204ms (cache revalidated)
npm http fetch GET 200 https://registry.npmjs.org/is-retry-allowed 72ms (cache revalidated)
npm http fetch GET 200 https://registry.npmjs.org/temp-fs 95ms (cache revalidated)
npm http fetch GET 200 https://registry.npmjs.org/@babel%2fruntime 261ms (cache revalidated)
npm http fetch GET 200 https://registry.npmjs.org/ps-tree 202ms (cache revalidated)
npm http fetch GET 200 https://registry.npmjs.org/agent-base 138ms (cache revalidated)
npm http fetch GET 200 https://registry.npmjs.org/ansi-styles 76ms (cache revalidated)
npm http fetch GET 200 https://registry.npmjs.org/https-proxy-agent 184ms (cache revalidated)
npm http fetch GET 200 https://registry.npmjs.org/string-width 122ms (cache revalidated)
npm http fetch GET 200 https://registry.npmjs.org/decompress-tarbz2 90ms (cache revalidated)
npm http fetch GET 200 https://registry.npmjs.org/decompress-tar 206ms (cache revalidated)
npm http fetch GET 200 https://registry.npmjs.org/decompress-targz 73ms (cache revalidated)
npm http fetch GET 200 https://registry.npmjs.org/graceful-fs 89ms (cache revalidated)
npm http fetch GET 200 https://registry.npmjs.org/make-dir 73ms (cache revalidated)
npm http fetch GET 200 https://registry.npmjs.org/decompress-unzip 222ms (cache revalidated)
npm http fetch GET 200 https://registry.npmjs.org/pify 86ms (cache revalidated)
npm http fetch GET 200 https://registry.npmjs.org/hasown 81ms (cache revalidated)
npm http fetch GET 200 https://registry.npmjs.org/strip-dirs 207ms (cache revalidated)
npm http fetch GET 200 https://registry.npmjs.org/is-running 899ms (cache revalidated)
npm http fetch GET 200 https://registry.npmjs.org/asynckit 116ms (cache revalidated)
npm http fetch GET 200 https://registry.npmjs.org/es-set-tostringtag 68ms (cache revalidated)
npm http fetch GET 200 https://registry.npmjs.org/jsonfile 71ms (cache revalidated)
npm http fetch GET 200 https://registry.npmjs.org/combined-stream 241ms (cache revalidated)
npm http fetch GET 200 https://registry.npmjs.org/universalify 66ms (cache revalidated)
npm http fetch GET 200 https://registry.npmjs.org/@types%2fnode 118ms (cache revalidated)
npm http fetch GET 200 https://registry.npmjs.org/ini 328ms (cache revalidated)
npm http fetch GET 200 https://registry.npmjs.org/mime-types 589ms (cache revalidated)
npm http fetch GET 200 https://registry.npmjs.org/once 96ms (cache revalidated)
npm http fetch GET 200 https://registry.npmjs.org/minimatch 99ms (cache revalidated)
npm http fetch GET 200 https://registry.npmjs.org/inherits 212ms (cache revalidated)
npm http fetch GET 200 https://registry.npmjs.org/inflight 253ms (cache revalidated)
npm http fetch GET 200 https://registry.npmjs.org/fs.realpath 80ms (cache revalidated)
npm http fetch GET 200 https://registry.npmjs.org/ms 75ms (cache revalidated)
npm http fetch GET 200 https://registry.npmjs.org/path-is-absolute 206ms (cache revalidated)
npm http fetch GET 200 https://registry.npmjs.org/diff 82ms (cache revalidated)
npm http fetch GET 200 https://registry.npmjs.org/he 193ms (cache revalidated)
npm http fetch GET 200 https://registry.npmjs.org/js-yaml 91ms (cache revalidated)
npm http fetch GET 200 https://registry.npmjs.org/workerpool 66ms (cache revalidated)
npm http fetch GET 200 https://registry.npmjs.org/find-up 214ms (cache revalidated)
npm http fetch GET 200 https://registry.npmjs.org/chokidar 204ms (cache revalidated)
npm http fetch GET 200 https://registry.npmjs.org/ansi-colors 73ms (cache revalidated)
npm http fetch GET 200 https://registry.npmjs.org/yargs-unparser 69ms (cache revalidated)
npm http fetch GET 200 https://registry.npmjs.org/strip-json-comments 78ms (cache revalidated)
npm http fetch GET 200 https://registry.npmjs.org/yargs-parser 249ms (cache revalidated)
npm http fetch GET 200 https://registry.npmjs.org/escape-string-regexp 73ms (cache revalidated)
npm http fetch GET 200 https://registry.npmjs.org/browser-stdout 304ms (cache revalidated)
npm http fetch GET 200 https://registry.npmjs.org/js-queue 67ms (cache revalidated)
npm http fetch GET 200 https://registry.npmjs.org/event-pubsub 63ms (cache revalidated)
npm http fetch GET 200 https://registry.npmjs.org/ajv 88ms (cache revalidated)
npm http fetch GET 200 https://registry.npmjs.org/serialize-javascript 274ms (cache revalidated)
npm http fetch GET 200 https://registry.npmjs.org/js-message 219ms (cache revalidated)
npm http fetch GET 200 https://registry.npmjs.org/get-tsconfig 82ms (cache revalidated)
npm http fetch GET 200 https://registry.npmjs.org/mylas 57ms (cache revalidated)
npm http fetch GET 200 https://registry.npmjs.org/globby 198ms (cache revalidated)
npm http fetch GET 200 https://registry.npmjs.org/slice-ansi 220ms (cache revalidated)
npm http fetch GET 200 https://registry.npmjs.org/normalize-path 69ms (cache revalidated)
npm http fetch GET 200 https://registry.npmjs.org/node-int64 74ms (cache revalidated)
npm http fetch GET 200 https://registry.npmjs.org/pupa 82ms (cache revalidated)
npm http fetch GET 200 https://registry.npmjs.org/duplexer2 226ms (cache revalidated)
npm http fetch GET 200 https://registry.npmjs.org/boxen 86ms (cache revalidated)
npm http fetch GET 200 https://registry.npmjs.org/plimit-lit 311ms (cache revalidated)
npm http fetch GET 200 https://registry.npmjs.org/is-in-ci 85ms (cache revalidated)
npm http fetch GET 200 https://registry.npmjs.org/import-lazy 83ms (cache revalidated)
npm http fetch GET 200 https://registry.npmjs.org/is-npm 243ms (cache revalidated)
npm http fetch GET 200 https://registry.npmjs.org/configstore 197ms (cache revalidated)
npm http fetch GET 200 https://registry.npmjs.org/semver-diff 78ms (cache revalidated)
npm http fetch GET 200 https://registry.npmjs.org/eyes 79ms (cache revalidated)
npm http fetch GET 200 https://registry.npmjs.org/xdg-basedir 209ms (cache revalidated)
npm http fetch GET 200 https://registry.npmjs.org/cycle 118ms (cache revalidated)
npm http fetch GET 200 https://registry.npmjs.org/latest-version 206ms (cache revalidated)
npm http fetch GET 200 https://registry.npmjs.org/isstream 78ms (cache revalidated)
npm http fetch GET 200 https://registry.npmjs.org/y18n 70ms (cache revalidated)
npm http fetch GET 200 https://registry.npmjs.org/colors 202ms (cache revalidated)
npm http fetch GET 200 https://registry.npmjs.org/cliui 60ms (cache revalidated)
npm http fetch GET 200 https://registry.npmjs.org/stack-trace 213ms (cache revalidated)
npm http fetch GET 200 https://registry.npmjs.org/which-module 75ms (cache revalidated)
npm http fetch GET 200 https://registry.npmjs.org/decamelize 202ms (cache revalidated)
npm http fetch GET 200 https://registry.npmjs.org/get-caller-file 108ms (cache revalidated)
npm http fetch GET 200 https://registry.npmjs.org/set-blocking 217ms (cache revalidated)
npm http fetch GET 200 https://registry.npmjs.org/require-main-filename 73ms (cache revalidated)
npm http fetch GET 200 https://registry.npmjs.org/require-directory 220ms (cache revalidated)
npm http fetch GET 200 https://registry.npmjs.org/lazystream 80ms (cache revalidated)
npm http fetch GET 200 https://registry.npmjs.org/lodash.flatten 70ms (cache revalidated)
npm http fetch GET 200 https://registry.npmjs.org/lodash.defaults 216ms (cache revalidated)
npm http fetch GET 200 https://registry.npmjs.org/lodash.difference 229ms (cache revalidated)
npm http fetch GET 200 https://registry.npmjs.org/lodash.isplainobject 88ms (cache revalidated)
npm http fetch GET 200 https://registry.npmjs.org/util-deprecate 72ms (cache revalidated)
npm http fetch GET 200 https://registry.npmjs.org/bl 85ms (cache revalidated)
npm http fetch GET 200 https://registry.npmjs.org/lodash.union 211ms (cache revalidated)
npm http fetch GET 200 https://registry.npmjs.org/fs-constants 97ms (cache revalidated)
npm http fetch GET 200 https://registry.npmjs.org/string_decoder 369ms (cache revalidated)
npm http fetch GET 200 https://registry.npmjs.org/compress-commons 97ms (cache revalidated)
npm http fetch GET 200 https://registry.npmjs.org/end-of-stream 200ms (cache revalidated)
npm http fetch GET 200 https://registry.npmjs.org/core-util-is 80ms (cache revalidated)
npm http fetch GET 200 https://registry.npmjs.org/process-nextick-args 84ms (cache revalidated)
npm http fetch GET 200 https://registry.npmjs.org/isarray 215ms (cache revalidated)
npm http fetch GET 200 https://registry.npmjs.org/safe-buffer 251ms (cache revalidated)
npm http fetch GET 200 https://registry.npmjs.org/event-stream 88ms (cache revalidated)
npm http fetch GET 200 https://registry.npmjs.org/rimraf 208ms (cache revalidated)
npm http fetch GET 200 https://registry.npmjs.org/has-flag 87ms (cache revalidated)
npm http fetch GET 200 https://registry.npmjs.org/color-convert 192ms (cache revalidated)
npm http fetch GET 200 https://registry.npmjs.org/color-name 211ms (cache revalidated)
npm http fetch GET 200 https://registry.npmjs.org/strip-ansi 82ms (cache revalidated)
npm http fetch GET 200 https://registry.npmjs.org/is-fullwidth-code-point 213ms (cache revalidated)
npm http fetch GET 200 https://registry.npmjs.org/emoji-regex 239ms (cache revalidated)
npm http fetch GET 200 https://registry.npmjs.org/aws-sign2 87ms (cache revalidated)
npm http fetch GET 200 https://registry.npmjs.org/extend 87ms (cache revalidated)
npm http fetch GET 200 https://registry.npmjs.org/caseless 213ms (cache revalidated)
npm http fetch GET 200 https://registry.npmjs.org/aws4 220ms (cache revalidated)
npm http fetch GET 200 https://registry.npmjs.org/forever-agent 93ms (cache revalidated)
npm http fetch GET 200 https://registry.npmjs.org/json-stringify-safe 65ms (cache revalidated)
npm http fetch GET 200 https://registry.npmjs.org/http-signature 200ms (cache revalidated)
npm http fetch GET 200 https://registry.npmjs.org/performance-now 84ms (cache revalidated)
npm http fetch GET 200 https://registry.npmjs.org/is-typedarray 239ms (cache revalidated)
npm http fetch GET 200 https://registry.npmjs.org/tough-cookie 91ms (cache revalidated)
npm http fetch GET 200 https://registry.npmjs.org/lodash.once 70ms (cache revalidated)
npm http fetch GET 200 https://registry.npmjs.org/tunnel-agent 205ms (cache revalidated)
npm http fetch GET 200 https://registry.npmjs.org/base64-js 77ms (cache revalidated)
npm http fetch GET 200 https://registry.npmjs.org/restore-cursor 68ms (cache revalidated)
npm http fetch GET 200 https://registry.npmjs.org/@colors%2fcolors 99ms (cache revalidated)
npm http fetch GET 200 https://registry.npmjs.org/qs 468ms (cache revalidated)
npm http fetch GET 200 https://registry.npmjs.org/ieee754 244ms (cache revalidated)
npm http fetch GET 200 https://registry.npmjs.org/onetime 66ms (cache revalidated)
npm http fetch GET 200 https://registry.npmjs.org/cross-spawn 77ms (cache revalidated)
npm http fetch GET 200 https://registry.npmjs.org/signal-exit 71ms (cache revalidated)
npm http fetch GET 200 https://registry.npmjs.org/is-stream 185ms (cache revalidated)
npm http fetch GET 200 https://registry.npmjs.org/get-stream 223ms (cache revalidated)
npm http fetch GET 200 https://registry.npmjs.org/merge-stream 82ms (cache revalidated)
npm http fetch GET 200 https://registry.npmjs.org/strip-final-newline 66ms (cache revalidated)
npm http fetch GET 200 https://registry.npmjs.org/npm-run-path 219ms (cache revalidated)
npm http fetch GET 200 https://registry.npmjs.org/@types%2fyauzl 83ms (cache revalidated)
npm http fetch GET 200 https://registry.npmjs.org/human-signals 202ms (cache revalidated)
npm http fetch GET 200 https://registry.npmjs.org/global-dirs 72ms (cache revalidated)
npm http fetch GET 200 https://registry.npmjs.org/rfdc 72ms (cache revalidated)
npm http fetch GET 200 https://registry.npmjs.org/at-least-node 216ms (cache revalidated)
npm http fetch GET 200 https://registry.npmjs.org/rxjs 76ms (cache revalidated)
npm http fetch GET 200 https://registry.npmjs.org/is-path-inside 212ms (cache revalidated)
npm http fetch GET 200 https://registry.npmjs.org/through 64ms (cache revalidated)
npm http fetch GET 200 https://registry.npmjs.org/wrap-ansi 64ms (cache revalidated)
npm http fetch GET 200 https://registry.npmjs.org/p-map 213ms (cache revalidated)
npm http fetch GET 200 https://registry.npmjs.org/colorette 214ms (cache revalidated)
npm http fetch GET 200 https://registry.npmjs.org/log-update 113ms (cache revalidated)
npm http fetch GET 200 https://registry.npmjs.org/throttleit 97ms (cache revalidated)
npm http fetch GET 200 https://registry.npmjs.org/cli-truncate 214ms (cache revalidated)
npm http fetch GET 200 https://registry.npmjs.org/is-unicode-supported 214ms (cache revalidated)
npm http fetch GET 200 https://registry.npmjs.org/fd-slicer 97ms (cache revalidated)
npm http fetch GET 200 https://registry.npmjs.org/jsprim 80ms (cache revalidated)
npm http fetch GET 200 https://registry.npmjs.org/assert-plus 76ms (cache revalidated)
npm http fetch GET 200 https://registry.npmjs.org/sshpk 219ms (cache revalidated)
npm http fetch GET 200 https://registry.npmjs.org/delayed-stream 230ms (cache revalidated)
npm http fetch GET 200 https://registry.npmjs.org/mime-db 77ms (cache revalidated)
npm http fetch GET 200 https://registry.npmjs.org/tldts 240ms (cache revalidated)
npm http fetch GET 200 https://registry.npmjs.org/side-channel 342ms (cache revalidated)
npm http fetch GET 200 https://registry.npmjs.org/lodash.isempty 75ms (cache revalidated)
npm http fetch GET 200 https://registry.npmjs.org/lodash.isstring 83ms (cache revalidated)
npm http fetch GET 200 https://registry.npmjs.org/lodash.isobject 206ms (cache revalidated)
npm http fetch GET 200 https://registry.npmjs.org/lodash.isfunction 234ms (cache revalidated)
npm http fetch GET 200 https://registry.npmjs.org/dateformat 80ms (cache revalidated)
npm http fetch GET 200 https://registry.npmjs.org/opener 66ms (cache revalidated)
npm http fetch GET 200 https://registry.npmjs.org/prop-types 65ms (cache revalidated)
npm http fetch GET 200 https://registry.npmjs.org/escape-html 227ms (cache revalidated)
npm http fetch GET 200 https://registry.npmjs.org/tcomb 73ms (cache revalidated)
npm http fetch GET 200 https://registry.npmjs.org/fsu 253ms (cache revalidated)
npm http fetch GET 200 https://registry.npmjs.org/validator 74ms (cache revalidated)
npm http fetch GET 200 https://registry.npmjs.org/tcomb-validation 195ms (cache revalidated)
npm http fetch GET 200 https://registry.npmjs.org/seek-bzip 85ms (cache revalidated)
npm http fetch GET 200 https://registry.npmjs.org/unbzip2-stream 71ms (cache revalidated)
npm http fetch GET 200 https://registry.npmjs.org/file-type 200ms (cache revalidated)
npm http fetch GET 200 https://registry.npmjs.org/file-type 65ms (cache revalidated)
npm http fetch GET 200 https://registry.npmjs.org/file-type 249ms (cache revalidated)
npm http fetch GET 200 https://registry.npmjs.org/is-natural-number 213ms (cache revalidated)
npm http fetch GET 200 https://registry.npmjs.org/buffer-alloc 230ms (cache revalidated)
npm http fetch GET 200 https://registry.npmjs.org/xtend 253ms (cache revalidated)
npm http fetch GET 200 https://registry.npmjs.org/to-buffer 704ms (cache revalidated)
npm http fetch GET 200 https://registry.npmjs.org/pinkie-promise 205ms (cache revalidated)
npm http fetch GET 200 https://registry.npmjs.org/object-assign 217ms (cache revalidated)
npm http fetch GET 200 https://registry.npmjs.org/ansi-regex 84ms (cache revalidated)
npm http fetch GET 200 https://registry.npmjs.org/path-key 70ms (cache revalidated)
npm http fetch GET 200 https://registry.npmjs.org/shebang-command 72ms (cache revalidated)
npm http fetch GET 200 https://registry.npmjs.org/mimic-fn 90ms (cache revalidated)
npm http fetch GET 200 https://registry.npmjs.org/which 206ms (cache revalidated)
npm http fetch GET 200 https://registry.npmjs.org/pump 206ms (cache revalidated)
npm http fetch GET 200 https://registry.npmjs.org/shebang-regex 69ms (cache revalidated)
npm http fetch GET 200 https://registry.npmjs.org/isexe 220ms (cache revalidated)
npm http cache https://registry.npmjs.org/@types%2fnode 33ms (cache hit)
npm http fetch GET 200 https://registry.npmjs.org/undici-types 208ms (cache revalidated)
npm http fetch GET 200 https://registry.npmjs.org/es-errors 86ms (cache revalidated)
npm http fetch GET 200 https://registry.npmjs.org/function-bind 73ms (cache revalidated)
npm http fetch GET 200 https://registry.npmjs.org/has-tostringtag 231ms (cache revalidated)
npm http fetch GET 200 https://registry.npmjs.org/get-intrinsic 244ms (cache revalidated)
npm http fetch GET 200 https://registry.npmjs.org/get-proto 80ms (cache revalidated)
npm http fetch GET 200 https://registry.npmjs.org/es-object-atoms 101ms (cache revalidated)
npm http fetch GET 200 https://registry.npmjs.org/gopd 202ms (cache revalidated)
npm http fetch GET 200 https://registry.npmjs.org/has-symbols 218ms (cache revalidated)
npm http fetch GET 200 https://registry.npmjs.org/math-intrinsics 85ms (cache revalidated)
npm http fetch GET 200 https://registry.npmjs.org/es-define-property 206ms (cache revalidated)
npm http fetch GET 200 https://registry.npmjs.org/call-bind-apply-helpers 211ms (cache revalidated)
npm http fetch GET 200 https://registry.npmjs.org/dunder-proto 77ms (cache revalidated)
npm http fetch GET 200 https://registry.npmjs.org/pinkie 224ms (cache revalidated)
npm http fetch GET 200 https://registry.npmjs.org/wrappy 98ms (cache revalidated)
npm http fetch GET 200 https://registry.npmjs.org/brace-expansion 213ms (cache revalidated)
npm http fetch GET 200 https://registry.npmjs.org/wrappy 327ms (cache revalidated)
npm http fetch GET 200 https://registry.npmjs.org/json-schema 70ms (cache revalidated)
npm http fetch GET 200 https://registry.npmjs.org/extsprintf 126ms (cache revalidated)
npm http fetch GET 200 https://registry.npmjs.org/asn1 77ms (cache revalidated)
npm http fetch GET 200 https://registry.npmjs.org/verror 205ms (cache revalidated)
npm http fetch GET 200 https://registry.npmjs.org/getpass 71ms (cache revalidated)
npm http fetch GET 200 https://registry.npmjs.org/ecc-jsbn 72ms (cache revalidated)
npm http fetch GET 200 https://registry.npmjs.org/jsbn 196ms (cache revalidated)
npm http fetch GET 200 https://registry.npmjs.org/tweetnacl 82ms (cache revalidated)
npm http fetch GET 200 https://registry.npmjs.org/dashdash 200ms (cache revalidated)
npm http fetch GET 200 https://registry.npmjs.org/safer-buffer 61ms (cache revalidated)
npm http fetch GET 200 https://registry.npmjs.org/bcrypt-pbkdf 189ms (cache revalidated)
npm http fetch GET 200 https://registry.npmjs.org/ansi-escapes 71ms (cache revalidated)
npm http fetch GET 200 https://registry.npmjs.org/aggregate-error 189ms (cache revalidated)
npm http fetch GET 200 https://registry.npmjs.org/tslib 195ms (cache revalidated)
npm http fetch GET 200 https://registry.npmjs.org/astral-regex 65ms (cache revalidated)
npm http fetch GET 200 https://registry.npmjs.org/type-fest 140ms (cache revalidated)
npm http fetch GET 200 https://registry.npmjs.org/concat-map 74ms (cache revalidated)
npm http fetch GET 200 https://registry.npmjs.org/balanced-match 202ms (cache revalidated)
npm http fetch GET 200 https://registry.npmjs.org/braces 94ms (cache revalidated)
npm http fetch GET 200 https://registry.npmjs.org/is-glob 123ms (cache revalidated)
npm http fetch GET 200 https://registry.npmjs.org/readdirp 71ms (cache revalidated)
npm http fetch GET 200 https://registry.npmjs.org/anymatch 227ms (cache revalidated)
npm http fetch GET 200 https://registry.npmjs.org/is-binary-path 98ms (cache revalidated)
npm http fetch GET 200 https://registry.npmjs.org/glob-parent 214ms (cache revalidated)
npm http fetch GET 200 https://registry.npmjs.org/locate-path 83ms (cache revalidated)
npm http fetch GET 200 https://registry.npmjs.org/argparse 85ms (cache revalidated)
npm http fetch GET 200 https://registry.npmjs.org/fsevents 232ms (cache revalidated)
npm http fetch GET 200 https://registry.npmjs.org/randombytes 65ms (cache revalidated)
npm http fetch GET 200 https://registry.npmjs.org/path-exists 202ms (cache revalidated)
npm http fetch GET 200 https://registry.npmjs.org/camelcase 64ms (cache revalidated)
npm http fetch GET 200 https://registry.npmjs.org/escalade 213ms (cache revalidated)
npm http fetch GET 200 https://registry.npmjs.org/flat 205ms (cache revalidated)
npm http fetch GET 200 https://registry.npmjs.org/is-plain-obj 208ms (cache revalidated)
npm http fetch GET 200 https://registry.npmjs.org/binary-extensions 92ms (cache revalidated)
npm http fetch GET 200 https://registry.npmjs.org/is-extglob 78ms (cache revalidated)
npm http fetch GET 200 https://registry.npmjs.org/fill-range 211ms (cache revalidated)
npm http fetch GET 200 https://registry.npmjs.org/picomatch 69ms (cache revalidated)
npm http fetch GET 200 https://registry.npmjs.org/picomatch 253ms (cache revalidated)
npm http fetch GET 200 https://registry.npmjs.org/to-regex-range 220ms (cache revalidated)
npm http fetch GET 200 https://registry.npmjs.org/is-number 98ms (cache revalidated)
npm http fetch GET 200 https://registry.npmjs.org/p-locate 188ms (cache revalidated)
npm http fetch GET 200 https://registry.npmjs.org/p-limit 211ms (cache revalidated)
npm http fetch GET 200 https://registry.npmjs.org/foreground-child 107ms (cache revalidated)
npm http fetch GET 200 https://registry.npmjs.org/jackspeak 134ms (cache revalidated)
npm http fetch GET 200 https://registry.npmjs.org/package-json-from-dist 89ms (cache revalidated)
npm http fetch GET 200 https://registry.npmjs.org/minipass 222ms (cache revalidated)
npm http fetch GET 200 https://registry.npmjs.org/path-scurry 213ms (cache revalidated)
npm http fetch GET 200 https://registry.npmjs.org/loose-envify 82ms (cache revalidated)
npm http fetch GET 200 https://registry.npmjs.org/react-is 246ms (cache revalidated)
npm http fetch GET 200 https://registry.npmjs.org/easy-stack 325ms (cache revalidated)
npm http fetch GET 200 https://registry.npmjs.org/yocto-queue 77ms (cache revalidated)
npm http fetch GET 200 https://registry.npmjs.org/indent-string 216ms (cache revalidated)
npm http fetch GET 200 https://registry.npmjs.org/clean-stack 250ms (cache revalidated)
npm http fetch GET 200 https://registry.npmjs.org/js-tokens 97ms (cache revalidated)
npm http fetch GET 200 https://registry.npmjs.org/map-stream 81ms (cache revalidated)
npm http fetch GET 200 https://registry.npmjs.org/pause-stream 65ms (cache revalidated)
npm http fetch GET 200 https://registry.npmjs.org/from 200ms (cache revalidated)
npm http fetch GET 200 https://registry.npmjs.org/split 66ms (cache revalidated)
npm http fetch GET 200 https://registry.npmjs.org/duplexer 231ms (cache revalidated)
npm http fetch GET 200 https://registry.npmjs.org/stream-combiner 229ms (cache revalidated)
npm http fetch GET 200 https://registry.npmjs.org/side-channel-list 76ms (cache revalidated)
npm http fetch GET 200 https://registry.npmjs.org/side-channel-weakmap 74ms (cache revalidated)
npm http fetch GET 200 https://registry.npmjs.org/side-channel-map 219ms (cache revalidated)
npm http fetch GET 200 https://registry.npmjs.org/object-inspect 230ms (cache revalidated)
npm http fetch GET 200 https://registry.npmjs.org/call-bound 66ms (cache revalidated)
npm http fetch GET 200 https://registry.npmjs.org/call-bound 206ms (cache revalidated)
npm http fetch GET 200 https://registry.npmjs.org/fast-deep-equal 80ms (cache revalidated)
npm http fetch GET 200 https://registry.npmjs.org/fast-json-stable-stringify 71ms (cache revalidated)
npm http fetch GET 200 https://registry.npmjs.org/json-schema-traverse 209ms (cache revalidated)
npm http fetch GET 200 https://registry.npmjs.org/uri-js 227ms (cache revalidated)
npm http fetch GET 200 https://registry.npmjs.org/punycode 76ms (cache revalidated)
npm http fetch GET 200 https://registry.npmjs.org/tldts-core 249ms (cache revalidated)
npm http fetch GET 200 https://registry.npmjs.org/resolve-pkg-maps 74ms (cache revalidated)
npm http fetch GET 200 https://registry.npmjs.org/merge2 73ms (cache revalidated)
npm http fetch GET 200 https://registry.npmjs.org/ignore 195ms (cache revalidated)
npm http fetch GET 200 https://registry.npmjs.org/slash 202ms (cache revalidated)
npm http fetch GET 200 https://registry.npmjs.org/dir-glob 68ms (cache revalidated)
npm http fetch GET 200 https://registry.npmjs.org/queue-lit 67ms (cache revalidated)
npm http fetch GET 200 https://registry.npmjs.org/fast-glob 191ms (cache revalidated)
npm http fetch GET 200 https://registry.npmjs.org/array-union 215ms (cache revalidated)
npm http fetch GET 200 https://registry.npmjs.org/@nodelib%2ffs.stat 103ms (cache revalidated)
npm http fetch GET 200 https://registry.npmjs.org/micromatch 80ms (cache revalidated)
npm http fetch GET 200 https://registry.npmjs.org/path-type 212ms (cache revalidated)
npm http fetch GET 200 https://registry.npmjs.org/@nodelib%2ffs.walk 233ms (cache revalidated)
npm http fetch GET 200 https://registry.npmjs.org/fastq 70ms (cache revalidated)
npm http fetch GET 200 https://registry.npmjs.org/@nodelib%2ffs.scandir 501ms (cache revalidated)
npm http fetch GET 200 https://registry.npmjs.org/reusify 72ms (cache revalidated)
npm http fetch GET 200 https://registry.npmjs.org/run-parallel 205ms (cache revalidated)
npm http fetch GET 200 https://registry.npmjs.org/queue-microtask 214ms (cache revalidated)
npm http fetch GET 200 https://registry.npmjs.org/cli-boxes 77ms (cache revalidated)
npm http fetch GET 200 https://registry.npmjs.org/widest-line 121ms (cache revalidated)
npm http fetch GET 200 https://registry.npmjs.org/dot-prop 76ms (cache revalidated)
npm http fetch GET 200 https://registry.npmjs.org/write-file-atomic 87ms (cache revalidated)
npm http fetch GET 200 https://registry.npmjs.org/ansi-align 252ms (cache revalidated)
npm http fetch GET 200 https://registry.npmjs.org/package-json 73ms (cache revalidated)
npm http fetch GET 200 https://registry.npmjs.org/unique-string 208ms (cache revalidated)
npm http fetch GET 200 https://registry.npmjs.org/escape-goat 220ms (cache revalidated)
npm http fetch GET 200 https://registry.npmjs.org/eastasianwidth 77ms (cache revalidated)
npm http fetch GET 200 https://registry.npmjs.org/imurmurhash 182ms (cache revalidated)
npm http fetch GET 200 https://registry.npmjs.org/typedarray-to-buffer 66ms (cache revalidated)
npm http fetch GET 200 https://registry.npmjs.org/is-obj 311ms (cache revalidated)
npm http fetch GET 200 https://registry.npmjs.org/crypto-random-string 379ms (cache revalidated)
npm http fetch GET 200 https://registry.npmjs.org/got 81ms (cache revalidated)
npm http fetch GET 200 https://registry.npmjs.org/registry-url 120ms (cache revalidated)
npm http fetch GET 200 https://registry.npmjs.org/registry-auth-token 263ms (cache revalidated)
npm http fetch GET 200 https://registry.npmjs.org/http2-wrapper 87ms (cache revalidated)
npm http fetch GET 200 https://registry.npmjs.org/lowercase-keys 62ms (cache revalidated)
npm http fetch GET 200 https://registry.npmjs.org/p-cancelable 239ms (cache revalidated)
npm http fetch GET 200 https://registry.npmjs.org/@sindresorhus%2fis 88ms (cache revalidated)
npm http fetch GET 200 https://registry.npmjs.org/responselike 295ms (cache revalidated)
npm http fetch GET 200 https://registry.npmjs.org/cacheable-request 77ms (cache revalidated)
npm http fetch GET 200 https://registry.npmjs.org/decompress-response 88ms (cache revalidated)
npm http fetch GET 200 https://registry.npmjs.org/cacheable-lookup 191ms (cache revalidated)
npm http fetch GET 200 https://registry.npmjs.org/form-data-encoder 199ms (cache revalidated)
npm http fetch GET 200 https://registry.npmjs.org/@szmarczak%2fhttp-timer 106ms (cache revalidated)
npm http fetch GET 200 https://registry.npmjs.org/rc 206ms (cache revalidated)
npm http fetch GET 200 https://registry.npmjs.org/@pnpm%2fnpm-conf 567ms (cache revalidated)
npm http fetch GET 200 https://registry.npmjs.org/defer-to-connect 86ms (cache revalidated)
npm http fetch GET 200 https://registry.npmjs.org/mimic-response 72ms (cache revalidated)
npm http fetch GET 200 https://registry.npmjs.org/keyv 221ms (cache revalidated)
npm http fetch GET 200 https://registry.npmjs.org/http-cache-semantics 76ms (cache revalidated)
npm http fetch GET 200 https://registry.npmjs.org/normalize-url 249ms (cache revalidated)
npm http fetch GET 200 https://registry.npmjs.org/quick-lru 78ms (cache revalidated)
npm http fetch GET 200 https://registry.npmjs.org/resolve-alpn 237ms (cache revalidated)
npm http fetch GET 200 https://registry.npmjs.org/@types%2fhttp-cache-semantics 361ms (cache revalidated)
npm http fetch GET 200 https://registry.npmjs.org/json-buffer 82ms (cache revalidated)
npm http fetch GET 200 https://registry.npmjs.org/@pnpm%2fconfig.env-replace 251ms (cache revalidated)
npm http fetch GET 200 https://registry.npmjs.org/config-chain 263ms (cache revalidated)
npm http fetch GET 200 https://registry.npmjs.org/@pnpm%2fnetwork.ca-file 548ms (cache revalidated)
npm http fetch GET 200 https://registry.npmjs.org/proto-list 75ms (cache revalidated)
npm http fetch GET 200 https://registry.npmjs.org/deep-extend 243ms (cache revalidated)
npm http fetch GET 200 https://registry.npmjs.org/pend 196ms (cache revalidated)
npm http fetch GET 200 https://registry.npmjs.org/crc32-stream 92ms (cache revalidated)
npm http fetch GET 200 https://registry.npmjs.org/crc-32 219ms (cache revalidated)
npm http fetch GET 200 https://registry.npmjs.org/buffer-alloc-unsafe 95ms (cache revalidated)
npm http fetch GET 200 https://registry.npmjs.org/typed-array-buffer 232ms (cache revalidated)
npm http fetch GET 200 https://registry.npmjs.org/buffer-fill 815ms (cache revalidated)
npm http fetch GET 200 https://registry.npmjs.org/is-typed-array 82ms (cache revalidated)
npm http fetch GET 200 https://registry.npmjs.org/which-typed-array 847ms (cache revalidated)
npm http fetch GET 200 https://registry.npmjs.org/available-typed-arrays 75ms (cache revalidated)
npm http fetch GET 200 https://registry.npmjs.org/call-bind 204ms (cache revalidated)
npm http fetch GET 200 https://registry.npmjs.org/for-each 256ms (cache revalidated)
npm http fetch GET 200 https://registry.npmjs.org/set-function-length 94ms (cache revalidated)
npm http fetch GET 200 https://registry.npmjs.org/possible-typed-array-names 208ms (cache revalidated)
npm http fetch GET 200 https://registry.npmjs.org/is-callable 271ms (cache revalidated)
npm http fetch GET 200 https://registry.npmjs.org/has-property-descriptors 80ms (cache revalidated)
npm http fetch GET 200 https://registry.npmjs.org/define-data-property 219ms (cache revalidated)
npm http fetch GET 200 https://registry.npmjs.org/@isaacs%2fcliui 116ms (cache revalidated)
npm http fetch GET 200 https://registry.npmjs.org/lru-cache 209ms (cache revalidated)
npm http fetch GET 200 https://registry.npmjs.org/@isaacs%2fbrace-expansion 538ms (cache revalidated)
npm http fetch GET 200 https://registry.npmjs.org/@isaacs%2fbalanced-match 107ms (cache revalidated)
npm http fetch GET 200 https://registry.npmjs.org/p-try 221ms (cache revalidated)
npm verbose reify failed optional dependency D:\Users\Nataliaado\Documents\projetos-automacao\cypress-web\tmpBstackPackages\node_modules\fsevents
npm http cache p-try@https://registry.npmjs.org/p-try/-/p-try-2.2.0.tgz 0ms (cache hit)
npm http cache @isaacs/balanced-match@https://registry.npmjs.org/@isaacs/balanced-match/-/balanced-match-4.0.1.tgz 0ms (cache hit)
npm http cache @isaacs/brace-expansion@https://registry.npmjs.org/@isaacs/brace-expansion/-/brace-expansion-5.0.0.tgz 0ms (cache hit)
npm http cache lru-cache@https://registry.npmjs.org/lru-cache/-/lru-cache-11.2.2.tgz 0ms (cache hit)
npm http cache wrap-ansi-cjs@https://registry.npmjs.org/wrap-ansi/-/wrap-ansi-7.0.0.tgz 0ms (cache hit)
npm http cache strip-ansi-cjs@https://registry.npmjs.org/strip-ansi/-/strip-ansi-6.0.1.tgz 0ms (cache hit)
npm http cache string-width-cjs@https://registry.npmjs.org/string-width/-/string-width-4.2.3.tgz 0ms (cache hit)
npm http cache @isaacs/cliui@https://registry.npmjs.org/@isaacs/cliui/-/cliui-8.0.2.tgz 0ms (cache hit)
npm http cache path-scurry@https://registry.npmjs.org/path-scurry/-/path-scurry-2.0.0.tgz 0ms (cache hit)
npm http cache package-json-from-dist@https://registry.npmjs.org/package-json-from-dist/-/package-json-from-dist-1.0.1.tgz 0ms (cache hit)
npm http cache minipass@https://registry.npmjs.org/minipass/-/minipass-7.1.2.tgz 0ms (cache hit)
npm http cache jackspeak@https://registry.npmjs.org/jackspeak/-/jackspeak-4.1.1.tgz 0ms (cache hit)
npm http cache foreground-child@https://registry.npmjs.org/foreground-child/-/foreground-child-3.3.1.tgz 0ms (cache hit)
npm http cache escalade@https://registry.npmjs.org/escalade/-/escalade-3.2.0.tgz 0ms (cache hit)
npm http cache pump@https://registry.npmjs.org/pump/-/pump-3.0.3.tgz 0ms (cache hit)
npm http cache has-property-descriptors@https://registry.npmjs.org/has-property-descriptors/-/has-property-descriptors-1.0.2.tgz 0ms (cache hit)
npm http cache define-data-property@https://registry.npmjs.org/define-data-property/-/define-data-property-1.1.4.tgz 0ms (cache hit)
npm http cache is-callable@https://registry.npmjs.org/is-callable/-/is-callable-1.2.7.tgz 0ms (cache hit)
npm http cache set-function-length@https://registry.npmjs.org/set-function-length/-/set-function-length-1.2.2.tgz 0ms (cache hit)
npm http cache possible-typed-array-names@https://registry.npmjs.org/possible-typed-array-names/-/possible-typed-array-names-1.1.0.tgz 0ms (cache hit)
npm http cache for-each@https://registry.npmjs.org/for-each/-/for-each-0.3.5.tgz 0ms (cache hit)
npm http cache call-bind@https://registry.npmjs.org/call-bind/-/call-bind-1.0.8.tgz 0ms (cache hit)
npm http cache available-typed-arrays@https://registry.npmjs.org/available-typed-arrays/-/available-typed-arrays-1.0.7.tgz 0ms (cache hit)
npm http cache which-typed-array@https://registry.npmjs.org/which-typed-array/-/which-typed-array-1.1.19.tgz 0ms (cache hit)
npm http cache is-typed-array@https://registry.npmjs.org/is-typed-array/-/is-typed-array-1.1.15.tgz 0ms (cache hit)
npm http cache typed-array-buffer@https://registry.npmjs.org/typed-array-buffer/-/typed-array-buffer-1.0.3.tgz 0ms (cache hit)
npm http cache buffer-fill@https://registry.npmjs.org/buffer-fill/-/buffer-fill-1.0.0.tgz 0ms (cache hit)
npm http cache buffer-alloc-unsafe@https://registry.npmjs.org/buffer-alloc-unsafe/-/buffer-alloc-unsafe-1.1.0.tgz 0ms (cache hit)
npm http cache xtend@https://registry.npmjs.org/xtend/-/xtend-4.0.2.tgz 0ms (cache hit)
npm http cache to-buffer@https://registry.npmjs.org/to-buffer/-/to-buffer-1.2.2.tgz 0ms (cache hit)
npm http cache buffer-alloc@https://registry.npmjs.org/buffer-alloc/-/buffer-alloc-1.2.0.tgz 0ms (cache hit)
npm http cache at-least-node@https://registry.npmjs.org/at-least-node/-/at-least-node-1.0.0.tgz 0ms (cache hit)
npm http cache eastasianwidth@https://registry.npmjs.org/eastasianwidth/-/eastasianwidth-0.2.0.tgz 0ms (cache hit)
npm http cache process-nextick-args@https://registry.npmjs.org/process-nextick-args/-/process-nextick-args-2.0.1.tgz 0ms (cache hit)
npm http cache isarray@https://registry.npmjs.org/isarray/-/isarray-1.0.0.tgz 0ms (cache hit)
npm http cache crc-32@https://registry.npmjs.org/crc-32/-/crc-32-1.2.2.tgz 0ms (cache hit)
npm http cache crc32-stream@https://registry.npmjs.org/crc32-stream/-/crc32-stream-4.0.3.tgz 0ms (cache hit)
npm http cache compress-commons@https://registry.npmjs.org/compress-commons/-/compress-commons-4.1.2.tgz 0ms (cache hit)
npm http cache pend@https://registry.npmjs.org/pend/-/pend-1.2.0.tgz 0ms (cache hit)
npm http cache fd-slicer@https://registry.npmjs.org/fd-slicer/-/fd-slicer-1.1.0.tgz 0ms (cache hit)
npm http cache is-plain-obj@https://registry.npmjs.org/is-plain-obj/-/is-plain-obj-2.1.0.tgz 0ms (cache hit)
npm http cache flat@https://registry.npmjs.org/flat/-/flat-5.0.2.tgz 0ms (cache hit)
npm http cache which-module@https://registry.npmjs.org/which-module/-/which-module-2.0.1.tgz 0ms (cache hit)
npm http cache y18n@https://registry.npmjs.org/y18n/-/y18n-4.0.3.tgz 0ms (cache hit)
npm http cache require-main-filename@https://registry.npmjs.org/require-main-filename/-/require-main-filename-2.0.0.tgz 0ms (cache hit)
npm http cache set-blocking@https://registry.npmjs.org/set-blocking/-/set-blocking-2.0.0.tgz 0ms (cache hit)
npm http cache require-directory@https://registry.npmjs.org/require-directory/-/require-directory-2.1.1.tgz 0ms (cache hit)
npm http cache get-caller-file@https://registry.npmjs.org/get-caller-file/-/get-caller-file-2.0.5.tgz 0ms (cache hit)
npm http cache decamelize@https://registry.npmjs.org/decamelize/-/decamelize-1.2.0.tgz 0ms (cache hit)
npm http cache cliui@https://registry.npmjs.org/cliui/-/cliui-5.0.0.tgz 0ms (cache hit)
npm http cache typedarray-to-buffer@https://registry.npmjs.org/typedarray-to-buffer/-/typedarray-to-buffer-3.1.5.tgz 0ms (cache hit)
npm http cache imurmurhash@https://registry.npmjs.org/imurmurhash/-/imurmurhash-0.1.4.tgz 0ms (cache hit)
npm http cache stack-trace@https://registry.npmjs.org/stack-trace/-/stack-trace-0.0.10.tgz 0ms (cache hit)
npm http cache eyes@https://registry.npmjs.org/eyes/-/eyes-0.1.8.tgz 0ms (cache hit)
npm http cache cycle@https://registry.npmjs.org/cycle/-/cycle-1.0.3.tgz 0ms (cache hit)
npm http cache colors@https://registry.npmjs.org/colors/-/colors-1.0.3.tgz 0ms (cache hit)
npm http cache isexe@https://registry.npmjs.org/isexe/-/isexe-2.0.0.tgz 0ms (cache hit)
npm http cache core-util-is@https://registry.npmjs.org/core-util-is/-/core-util-is-1.0.2.tgz 0ms (cache hit)
npm http cache punycode@https://registry.npmjs.org/punycode/-/punycode-2.3.1.tgz 0ms (cache hit)
npm http cache crypto-random-string@https://registry.npmjs.org/crypto-random-string/-/crypto-random-string-4.0.0.tgz 0ms (cache hit)
npm http cache deep-extend@https://registry.npmjs.org/deep-extend/-/deep-extend-0.6.0.tgz 0ms (cache hit)
npm http cache rc@https://registry.npmjs.org/rc/-/rc-1.2.8.tgz 0ms (cache hit)
npm http cache proto-list@https://registry.npmjs.org/proto-list/-/proto-list-1.2.4.tgz 0ms (cache hit)
npm http cache config-chain@https://registry.npmjs.org/config-chain/-/config-chain-1.1.13.tgz 0ms (cache hit)
npm http cache @pnpm/network.ca-file@https://registry.npmjs.org/@pnpm/network.ca-file/-/network.ca-file-1.0.2.tgz 0ms (cache hit)
npm http cache @pnpm/config.env-replace@https://registry.npmjs.org/@pnpm/config.env-replace/-/config.env-replace-1.1.0.tgz 0ms (cache hit)
npm http cache @pnpm/npm-conf@https://registry.npmjs.org/@pnpm/npm-conf/-/npm-conf-2.3.1.tgz 0ms (cache hit)
npm http cache escape-goat@https://registry.npmjs.org/escape-goat/-/escape-goat-4.0.0.tgz 0ms (cache hit)
npm http cache json-buffer@https://registry.npmjs.org/json-buffer/-/json-buffer-3.0.1.tgz 0ms (cache hit)
npm http cache resolve-alpn@https://registry.npmjs.org/resolve-alpn/-/resolve-alpn-1.2.1.tgz 0ms (cache hit)
npm http cache quick-lru@https://registry.npmjs.org/quick-lru/-/quick-lru-5.1.1.tgz 0ms (cache hit)
npm http cache normalize-url@https://registry.npmjs.org/normalize-url/-/normalize-url-8.1.0.tgz 0ms (cache hit)
npm http cache mimic-response@https://registry.npmjs.org/mimic-response/-/mimic-response-4.0.0.tgz 0ms (cache hit)
npm http cache keyv@https://registry.npmjs.org/keyv/-/keyv-4.5.4.tgz 0ms (cache hit)
npm http cache http-cache-semantics@https://registry.npmjs.org/http-cache-semantics/-/http-cache-semantics-4.2.0.tgz 0ms (cache hit)
npm http cache @types/http-cache-semantics@https://registry.npmjs.org/@types/http-cache-semantics/-/http-cache-semantics-4.0.4.tgz 0ms (cache hit)
npm http cache defer-to-connect@https://registry.npmjs.org/defer-to-connect/-/defer-to-connect-2.0.1.tgz 0ms (cache hit)
npm http cache responselike@https://registry.npmjs.org/responselike/-/responselike-3.0.0.tgz 0ms (cache hit)
npm http cache p-cancelable@https://registry.npmjs.org/p-cancelable/-/p-cancelable-3.0.0.tgz 0ms (cache hit)
npm http cache lowercase-keys@https://registry.npmjs.org/lowercase-keys/-/lowercase-keys-3.0.0.tgz 0ms (cache hit)
npm http cache http2-wrapper@https://registry.npmjs.org/http2-wrapper/-/http2-wrapper-2.2.1.tgz 0ms (cache hit)
npm http cache form-data-encoder@https://registry.npmjs.org/form-data-encoder/-/form-data-encoder-2.1.4.tgz 0ms (cache hit)
npm http cache decompress-response@https://registry.npmjs.org/decompress-response/-/decompress-response-6.0.0.tgz 0ms (cache hit)
npm http cache cacheable-request@https://registry.npmjs.org/cacheable-request/-/cacheable-request-10.2.14.tgz 0ms (cache hit)
npm http cache cacheable-lookup@https://registry.npmjs.org/cacheable-lookup/-/cacheable-lookup-7.0.0.tgz 0ms (cache hit)
npm http cache @szmarczak/http-timer@https://registry.npmjs.org/@szmarczak/http-timer/-/http-timer-5.0.1.tgz 0ms (cache hit)
npm http cache @sindresorhus/is@https://registry.npmjs.org/@sindresorhus/is/-/is-5.6.0.tgz 0ms (cache hit)
npm http cache registry-url@https://registry.npmjs.org/registry-url/-/registry-url-6.0.1.tgz 0ms (cache hit)
npm http cache registry-auth-token@https://registry.npmjs.org/registry-auth-token/-/registry-auth-token-5.1.0.tgz 0ms (cache hit)
npm http cache got@https://registry.npmjs.org/got/-/got-12.6.1.tgz 0ms (cache hit)
npm http cache package-json@https://registry.npmjs.org/package-json/-/package-json-8.1.1.tgz 0ms (cache hit)
npm http cache is-obj@https://registry.npmjs.org/is-obj/-/is-obj-2.0.0.tgz 0ms (cache hit)
npm http cache write-file-atomic@https://registry.npmjs.org/write-file-atomic/-/write-file-atomic-3.0.3.tgz 1ms (cache hit)
npm http cache unique-string@https://registry.npmjs.org/unique-string/-/unique-string-3.0.0.tgz 0ms (cache hit)
npm http cache dot-prop@https://registry.npmjs.org/dot-prop/-/dot-prop-6.0.1.tgz 0ms (cache hit)
npm http cache widest-line@https://registry.npmjs.org/widest-line/-/widest-line-4.0.1.tgz 0ms (cache hit)
npm http cache cli-boxes@https://registry.npmjs.org/cli-boxes/-/cli-boxes-3.0.0.tgz 0ms (cache hit)
npm http cache camelcase@https://registry.npmjs.org/camelcase/-/camelcase-7.0.1.tgz 0ms (cache hit)
npm http cache ansi-align@https://registry.npmjs.org/ansi-align/-/ansi-align-3.0.1.tgz 0ms (cache hit)
npm http cache xdg-basedir@https://registry.npmjs.org/xdg-basedir/-/xdg-basedir-5.1.0.tgz 0ms (cache hit)
npm http cache semver-diff@https://registry.npmjs.org/semver-diff/-/semver-diff-4.0.0.tgz 0ms (cache hit)
npm http cache pupa@https://registry.npmjs.org/pupa/-/pupa-3.3.0.tgz 0ms (cache hit)
npm http cache latest-version@https://registry.npmjs.org/latest-version/-/latest-version-7.0.0.tgz 0ms (cache hit)
npm http cache is-npm@https://registry.npmjs.org/is-npm/-/is-npm-6.1.0.tgz 0ms (cache hit)
npm http cache is-in-ci@https://registry.npmjs.org/is-in-ci/-/is-in-ci-0.1.0.tgz 0ms (cache hit)
npm http cache import-lazy@https://registry.npmjs.org/import-lazy/-/import-lazy-4.0.0.tgz 0ms (cache hit)
npm http cache configstore@https://registry.npmjs.org/configstore/-/configstore-6.0.0.tgz 0ms (cache hit)
npm http cache boxen@https://registry.npmjs.org/boxen/-/boxen-7.1.1.tgz 0ms (cache hit)
npm http cache node-int64@https://registry.npmjs.org/node-int64/-/node-int64-0.4.0.tgz 0ms (cache hit)
npm http cache duplexer2@https://registry.npmjs.org/duplexer2/-/duplexer2-0.1.4.tgz 0ms (cache hit)
npm http cache queue-microtask@https://registry.npmjs.org/queue-microtask/-/queue-microtask-1.2.3.tgz 0ms (cache hit)
npm http cache queue-lit@https://registry.npmjs.org/queue-lit/-/queue-lit-1.5.2.tgz 0ms (cache hit)
npm http cache reusify@https://registry.npmjs.org/reusify/-/reusify-1.1.0.tgz 0ms (cache hit)
npm http cache run-parallel@https://registry.npmjs.org/run-parallel/-/run-parallel-1.2.0.tgz 0ms (cache hit)
npm http cache fastq@https://registry.npmjs.org/fastq/-/fastq-1.19.1.tgz 0ms (cache hit)
npm http cache @nodelib/fs.scandir@https://registry.npmjs.org/@nodelib/fs.scandir/-/fs.scandir-2.1.5.tgz 0ms (cache hit)
npm http cache micromatch@https://registry.npmjs.org/micromatch/-/micromatch-4.0.8.tgz 0ms (cache hit)
npm http cache @nodelib/fs.walk@https://registry.npmjs.org/@nodelib/fs.walk/-/fs.walk-1.2.8.tgz 0ms (cache hit)
npm http cache @nodelib/fs.stat@https://registry.npmjs.org/@nodelib/fs.stat/-/fs.stat-2.0.5.tgz 0ms (cache hit)
npm http cache path-type@https://registry.npmjs.org/path-type/-/path-type-4.0.0.tgz 0ms (cache hit)
npm http cache slash@https://registry.npmjs.org/slash/-/slash-3.0.0.tgz 0ms (cache hit)
npm http cache merge2@https://registry.npmjs.org/merge2/-/merge2-1.4.1.tgz 0ms (cache hit)
npm http cache ignore@https://registry.npmjs.org/ignore/-/ignore-5.3.2.tgz 0ms (cache hit)
npm http cache fast-glob@https://registry.npmjs.org/fast-glob/-/fast-glob-3.3.3.tgz 0ms (cache hit)
npm http cache dir-glob@https://registry.npmjs.org/dir-glob/-/dir-glob-3.0.1.tgz 0ms (cache hit)
npm http cache array-union@https://registry.npmjs.org/array-union/-/array-union-2.1.0.tgz 0ms (cache hit)
npm http cache resolve-pkg-maps@https://registry.npmjs.org/resolve-pkg-maps/-/resolve-pkg-maps-1.0.0.tgz 0ms (cache hit)
npm http cache plimit-lit@https://registry.npmjs.org/plimit-lit/-/plimit-lit-1.6.1.tgz 0ms (cache hit)
npm http cache mylas@https://registry.npmjs.org/mylas/-/mylas-2.1.13.tgz 0ms (cache hit)
npm http cache globby@https://registry.npmjs.org/globby/-/globby-11.1.0.tgz 0ms (cache hit)
npm http cache get-tsconfig@https://registry.npmjs.org/get-tsconfig/-/get-tsconfig-4.13.0.tgz 0ms (cache hit)
npm http cache tldts-core@https://registry.npmjs.org/tldts-core/-/tldts-core-6.1.86.tgz 0ms (cache hit)
npm http cache tldts@https://registry.npmjs.org/tldts/-/tldts-6.1.86.tgz 0ms (cache hit)
npm http cache is-number@https://registry.npmjs.org/is-number/-/is-number-7.0.0.tgz 0ms (cache hit)
npm http cache rimraf@https://registry.npmjs.org/rimraf/-/rimraf-2.5.4.tgz 0ms (cache hit)
npm http cache fs-constants@https://registry.npmjs.org/fs-constants/-/fs-constants-1.0.0.tgz 0ms (cache hit)
npm http cache end-of-stream@https://registry.npmjs.org/end-of-stream/-/end-of-stream-1.4.5.tgz 0ms (cache hit)
npm http cache bl@https://registry.npmjs.org/bl/-/bl-4.1.0.tgz 0ms (cache hit)
npm http cache uri-js@https://registry.npmjs.org/uri-js/-/uri-js-4.4.1.tgz 0ms (cache hit)
npm http cache json-schema-traverse@https://registry.npmjs.org/json-schema-traverse/-/json-schema-traverse-0.4.1.tgz 0ms (cache hit)
npm http cache fast-json-stable-stringify@https://registry.npmjs.org/fast-json-stable-stringify/-/fast-json-stable-stringify-2.1.0.tgz 0ms (cache hit)
npm http cache fast-deep-equal@https://registry.npmjs.org/fast-deep-equal/-/fast-deep-equal-3.1.3.tgz 0ms (cache hit)
npm http cache ajv@https://registry.npmjs.org/ajv/-/ajv-6.12.6.tgz 0ms (cache hit)
npm http cache has-flag@https://registry.npmjs.org/has-flag/-/has-flag-4.0.0.tgz 0ms (cache hit)
npm http cache is-natural-number@https://registry.npmjs.org/is-natural-number/-/is-natural-number-4.0.1.tgz 0ms (cache hit)
npm http cache ansi-regex@https://registry.npmjs.org/ansi-regex/-/ansi-regex-5.0.1.tgz 1ms (cache hit)
npm http cache emoji-regex@https://registry.npmjs.org/emoji-regex/-/emoji-regex-8.0.0.tgz 0ms (cache hit)
npm http cache tweetnacl@https://registry.npmjs.org/tweetnacl/-/tweetnacl-0.14.5.tgz 0ms (cache hit)
npm http cache safer-buffer@https://registry.npmjs.org/safer-buffer/-/safer-buffer-2.1.2.tgz 0ms (cache hit)
npm http cache jsbn@https://registry.npmjs.org/jsbn/-/jsbn-0.1.1.tgz 0ms (cache hit)
npm http cache getpass@https://registry.npmjs.org/getpass/-/getpass-0.1.7.tgz 0ms (cache hit)
npm http cache ecc-jsbn@https://registry.npmjs.org/ecc-jsbn/-/ecc-jsbn-0.1.2.tgz 0ms (cache hit)
npm http cache dashdash@https://registry.npmjs.org/dashdash/-/dashdash-1.14.1.tgz 0ms (cache hit)
npm http cache bcrypt-pbkdf@https://registry.npmjs.org/bcrypt-pbkdf/-/bcrypt-pbkdf-1.0.2.tgz 0ms (cache hit)
npm http cache asn1@https://registry.npmjs.org/asn1/-/asn1-0.2.6.tgz 0ms (cache hit)
npm http cache is-fullwidth-code-point@https://registry.npmjs.org/is-fullwidth-code-point/-/is-fullwidth-code-point-3.0.0.tgz 0ms (cache hit)
npm http cache astral-regex@https://registry.npmjs.org/astral-regex/-/astral-regex-2.0.0.tgz 0ms (cache hit)
npm http cache call-bound@https://registry.npmjs.org/call-bound/-/call-bound-1.0.4.tgz 0ms (cache hit)
npm http cache side-channel-weakmap@https://registry.npmjs.org/side-channel-weakmap/-/side-channel-weakmap-1.0.2.tgz 0ms (cache hit)
npm http cache side-channel-map@https://registry.npmjs.org/side-channel-map/-/side-channel-map-1.0.1.tgz 0ms (cache hit)
npm http cache side-channel-list@https://registry.npmjs.org/side-channel-list/-/side-channel-list-1.0.0.tgz 0ms (cache hit)
npm http cache object-inspect@https://registry.npmjs.org/object-inspect/-/object-inspect-1.13.4.tgz 0ms (cache hit)
npm http cache shebang-regex@https://registry.npmjs.org/shebang-regex/-/shebang-regex-3.0.0.tgz 0ms (cache hit)
npm http cache randombytes@https://registry.npmjs.org/randombytes/-/randombytes-2.1.0.tgz 0ms (cache hit)
npm http cache tslib@https://registry.npmjs.org/tslib/-/tslib-2.8.1.tgz 0ms (cache hit)
npm http cache throttleit@https://registry.npmjs.org/throttleit/-/throttleit-1.0.1.tgz 0ms (cache hit)
npm http cache util-deprecate@https://registry.npmjs.org/util-deprecate/-/util-deprecate-1.0.2.tgz 0ms (cache hit)
npm http cache string_decoder@https://registry.npmjs.org/string_decoder/-/string_decoder-1.3.0.tgz 0ms (cache hit)
npm http cache side-channel@https://registry.npmjs.org/side-channel/-/side-channel-1.1.0.tgz 0ms (cache hit)
npm http cache stream-combiner@https://registry.npmjs.org/stream-combiner/-/stream-combiner-0.0.4.tgz 0ms (cache hit)
npm http cache split@https://registry.npmjs.org/split/-/split-0.3.3.tgz 0ms (cache hit)
npm http cache pause-stream@https://registry.npmjs.org/pause-stream/-/pause-stream-0.0.11.tgz 0ms (cache hit)
npm http cache map-stream@https://registry.npmjs.org/map-stream/-/map-stream-0.1.0.tgz 0ms (cache hit)
npm http cache from@https://registry.npmjs.org/from/-/from-0.1.7.tgz 0ms (cache hit)
npm http cache duplexer@https://registry.npmjs.org/duplexer/-/duplexer-0.1.2.tgz 0ms (cache hit)
npm http cache event-stream@https://registry.npmjs.org/event-stream/-/event-stream-3.3.4.tgz 0ms (cache hit)
npm http cache js-tokens@https://registry.npmjs.org/js-tokens/-/js-tokens-4.0.0.tgz 0ms (cache hit)
npm http cache react-is@https://registry.npmjs.org/react-is/-/react-is-16.13.1.tgz 0ms (cache hit)
npm http cache loose-envify@https://registry.npmjs.org/loose-envify/-/loose-envify-1.4.0.tgz 0ms (cache hit)
npm http cache pinkie@https://registry.npmjs.org/pinkie/-/pinkie-2.0.4.tgz 0ms (cache hit)
npm http cache indent-string@https://registry.npmjs.org/indent-string/-/indent-string-4.0.0.tgz 0ms (cache hit)
npm http cache clean-stack@https://registry.npmjs.org/clean-stack/-/clean-stack-2.2.0.tgz 0ms (cache hit)
npm http cache aggregate-error@https://registry.npmjs.org/aggregate-error/-/aggregate-error-3.1.0.tgz 0ms (cache hit)
npm http cache yocto-queue@https://registry.npmjs.org/yocto-queue/-/yocto-queue-0.1.0.tgz 0ms (cache hit)
npm http cache p-limit@https://registry.npmjs.org/p-limit/-/p-limit-3.1.0.tgz 0ms (cache hit)
npm http cache mimic-fn@https://registry.npmjs.org/mimic-fn/-/mimic-fn-2.1.0.tgz 0ms (cache hit)
npm http cache easy-stack@https://registry.npmjs.org/easy-stack/-/easy-stack-1.0.1.tgz 0ms (cache hit)
npm http cache js-queue@https://registry.npmjs.org/js-queue/-/js-queue-2.0.0.tgz 0ms (cache hit)
npm http cache js-message@https://registry.npmjs.org/js-message/-/js-message-1.0.5.tgz 0ms (cache hit)
npm http cache event-pubsub@https://registry.npmjs.org/event-pubsub/-/event-pubsub-4.3.0.tgz 0ms (cache hit)
npm http cache validator@https://registry.npmjs.org/validator/-/validator-13.15.15.tgz 0ms (cache hit)
npm http cache tcomb-validation@https://registry.npmjs.org/tcomb-validation/-/tcomb-validation-3.4.1.tgz 0ms (cache hit)
npm http cache tcomb@https://registry.npmjs.org/tcomb/-/tcomb-3.2.29.tgz 0ms (cache hit)
npm http cache prop-types@https://registry.npmjs.org/prop-types/-/prop-types-15.8.1.tgz 0ms (cache hit)
npm http cache opener@https://registry.npmjs.org/opener/-/opener-1.5.2.tgz 0ms (cache hit)
npm http cache fsu@https://registry.npmjs.org/fsu/-/fsu-1.1.1.tgz 0ms (cache hit)
npm http cache escape-html@https://registry.npmjs.org/escape-html/-/escape-html-1.0.3.tgz 0ms (cache hit)
npm http cache dateformat@https://registry.npmjs.org/dateformat/-/dateformat-4.6.3.tgz 0ms (cache hit)
npm http cache lodash.isstring@https://registry.npmjs.org/lodash.isstring/-/lodash.isstring-4.0.1.tgz 0ms (cache hit)
npm http cache lodash.isobject@https://registry.npmjs.org/lodash.isobject/-/lodash.isobject-3.0.2.tgz 0ms (cache hit)
npm http cache lodash.isfunction@https://registry.npmjs.org/lodash.isfunction/-/lodash.isfunction-3.0.9.tgz 0ms (cache hit)
npm http cache lodash.isempty@https://registry.npmjs.org/lodash.isempty/-/lodash.isempty-4.4.0.tgz 0ms (cache hit)
npm http cache p-locate@https://registry.npmjs.org/p-locate/-/p-locate-5.0.0.tgz 0ms (cache hit)
npm http cache argparse@https://registry.npmjs.org/argparse/-/argparse-2.0.1.tgz 0ms (cache hit)
npm http cache is-extglob@https://registry.npmjs.org/is-extglob/-/is-extglob-2.1.1.tgz 0ms (cache hit)
npm http cache binary-extensions@https://registry.npmjs.org/binary-extensions/-/binary-extensions-2.3.0.tgz 0ms (cache hit)
npm http cache path-exists@https://registry.npmjs.org/path-exists/-/path-exists-4.0.0.tgz 0ms (cache hit)
npm http cache locate-path@https://registry.npmjs.org/locate-path/-/locate-path-6.0.0.tgz 0ms (cache hit)
npm http cache to-regex-range@https://registry.npmjs.org/to-regex-range/-/to-regex-range-5.0.1.tgz 0ms (cache hit)
npm http cache fill-range@https://registry.npmjs.org/fill-range/-/fill-range-7.1.1.tgz 0ms (cache hit)
npm http cache picomatch@https://registry.npmjs.org/picomatch/-/picomatch-2.3.1.tgz 0ms (cache hit)
npm http cache readdirp@https://registry.npmjs.org/readdirp/-/readdirp-3.6.0.tgz 0ms (cache hit)
npm http cache is-glob@https://registry.npmjs.org/is-glob/-/is-glob-4.0.3.tgz 0ms (cache hit)
npm http cache is-binary-path@https://registry.npmjs.org/is-binary-path/-/is-binary-path-2.1.0.tgz 0ms (cache hit)
npm http cache glob-parent@https://registry.npmjs.org/glob-parent/-/glob-parent-5.1.2.tgz 0ms (cache hit)
npm http cache anymatch@https://registry.npmjs.org/anymatch/-/anymatch-3.1.3.tgz 0ms (cache hit)
npm http cache braces@https://registry.npmjs.org/braces/-/braces-3.0.3.tgz 0ms (cache hit)
npm http cache yargs-unparser@https://registry.npmjs.org/yargs-unparser/-/yargs-unparser-2.0.0.tgz 0ms (cache hit)
npm http cache yargs-parser@https://registry.npmjs.org/yargs-parser/-/yargs-parser-20.2.9.tgz 0ms (cache hit)
npm http cache workerpool@https://registry.npmjs.org/workerpool/-/workerpool-6.5.1.tgz 0ms (cache hit)
npm http cache strip-json-comments@https://registry.npmjs.org/strip-json-comments/-/strip-json-comments-3.1.1.tgz 0ms (cache hit)
npm http cache serialize-javascript@https://registry.npmjs.org/serialize-javascript/-/serialize-javascript-6.0.2.tgz 0ms (cache hit)
npm http cache js-yaml@https://registry.npmjs.org/js-yaml/-/js-yaml-4.1.0.tgz 0ms (cache hit)
npm http cache he@https://registry.npmjs.org/he/-/he-1.2.0.tgz 0ms (cache hit)
npm http cache find-up@https://registry.npmjs.org/find-up/-/find-up-5.0.0.tgz 1ms (cache hit)
npm http cache diff@https://registry.npmjs.org/diff/-/diff-5.2.0.tgz 0ms (cache hit)
npm http cache chokidar@https://registry.npmjs.org/chokidar/-/chokidar-3.6.0.tgz 0ms (cache hit)
npm http cache browser-stdout@https://registry.npmjs.org/browser-stdout/-/browser-stdout-1.3.1.tgz 0ms (cache hit)
npm http cache concat-map@https://registry.npmjs.org/concat-map/-/concat-map-0.0.1.tgz 0ms (cache hit)
npm http cache balanced-match@https://registry.npmjs.org/balanced-match/-/balanced-match-1.0.2.tgz 0ms (cache hit)
npm http cache brace-expansion@https://registry.npmjs.org/brace-expansion/-/brace-expansion-1.1.12.tgz 0ms (cache hit)
npm http cache mime-db@https://registry.npmjs.org/mime-db/-/mime-db-1.52.0.tgz 0ms (cache hit)
npm http cache type-fest@https://registry.npmjs.org/type-fest/-/type-fest-0.21.3.tgz 0ms (cache hit)
npm http cache ansi-escapes@https://registry.npmjs.org/ansi-escapes/-/ansi-escapes-4.3.2.tgz 0ms (cache hit)
npm http cache is-unicode-supported@https://registry.npmjs.org/is-unicode-supported/-/is-unicode-supported-0.1.0.tgz 0ms (cache hit)
npm http cache slice-ansi@https://registry.npmjs.org/slice-ansi/-/slice-ansi-3.0.0.tgz 0ms (cache hit)
npm http cache wrap-ansi@https://registry.npmjs.org/wrap-ansi/-/wrap-ansi-7.0.0.tgz 0ms (cache hit)
npm http cache through@https://registry.npmjs.org/through/-/through-2.3.8.tgz 0ms (cache hit)
npm http cache rxjs@https://registry.npmjs.org/rxjs/-/rxjs-7.8.2.tgz 0ms (cache hit)
npm http cache rfdc@https://registry.npmjs.org/rfdc/-/rfdc-1.4.1.tgz 0ms (cache hit)
npm http cache p-map@https://registry.npmjs.org/p-map/-/p-map-4.0.0.tgz 0ms (cache hit)
npm http cache log-update@https://registry.npmjs.org/log-update/-/log-update-4.0.0.tgz 0ms (cache hit)
npm http cache colorette@https://registry.npmjs.org/colorette/-/colorette-2.0.20.tgz 0ms (cache hit)
npm http cache cli-truncate@https://registry.npmjs.org/cli-truncate/-/cli-truncate-2.1.0.tgz 0ms (cache hit)
npm http cache verror@https://registry.npmjs.org/verror/-/verror-1.10.0.tgz 0ms (cache hit)
npm http cache json-schema@https://registry.npmjs.org/json-schema/-/json-schema-0.4.0.tgz 0ms (cache hit)
npm http cache extsprintf@https://registry.npmjs.org/extsprintf/-/extsprintf-1.3.0.tgz 0ms (cache hit)
npm http cache is-path-inside@https://registry.npmjs.org/is-path-inside/-/is-path-inside-3.0.3.tgz 0ms (cache hit)
npm http cache global-dirs@https://registry.npmjs.org/global-dirs/-/global-dirs-3.0.1.tgz 0ms (cache hit)
npm http cache wrappy@https://registry.npmjs.org/wrappy/-/wrappy-1.0.2.tgz 0ms (cache hit)
npm http cache sshpk@https://registry.npmjs.org/sshpk/-/sshpk-1.18.0.tgz 0ms (cache hit)
npm http cache jsprim@https://registry.npmjs.org/jsprim/-/jsprim-2.0.2.tgz 0ms (cache hit)
npm http cache assert-plus@https://registry.npmjs.org/assert-plus/-/assert-plus-1.0.0.tgz 0ms (cache hit)
npm http cache path-is-absolute@https://registry.npmjs.org/path-is-absolute/-/path-is-absolute-1.0.1.tgz 0ms (cache hit)
npm http cache once@https://registry.npmjs.org/once/-/once-1.4.0.tgz 0ms (cache hit)
npm http cache minimatch@https://registry.npmjs.org/minimatch/-/minimatch-3.1.2.tgz 0ms (cache hit)
npm http cache inherits@https://registry.npmjs.org/inherits/-/inherits-2.0.4.tgz 0ms (cache hit)
npm http cache inflight@https://registry.npmjs.org/inflight/-/inflight-1.0.6.tgz 0ms (cache hit)
npm http cache fs.realpath@https://registry.npmjs.org/fs.realpath/-/fs.realpath-1.0.0.tgz 0ms (cache hit)
npm http cache ini@https://registry.npmjs.org/ini/-/ini-1.3.8.tgz 0ms (cache hit)
npm http cache pinkie-promise@https://registry.npmjs.org/pinkie-promise/-/pinkie-promise-2.0.1.tgz 0ms (cache hit)
npm http cache object-assign@https://registry.npmjs.org/object-assign/-/object-assign-4.1.1.tgz 0ms (cache hit)
npm http cache dunder-proto@https://registry.npmjs.org/dunder-proto/-/dunder-proto-1.0.1.tgz 0ms (cache hit)
npm http cache math-intrinsics@https://registry.npmjs.org/math-intrinsics/-/math-intrinsics-1.1.0.tgz 0ms (cache hit)
npm http cache has-symbols@https://registry.npmjs.org/has-symbols/-/has-symbols-1.1.0.tgz 0ms (cache hit)
npm http cache gopd@https://registry.npmjs.org/gopd/-/gopd-1.2.0.tgz 0ms (cache hit)
npm http cache get-proto@https://registry.npmjs.org/get-proto/-/get-proto-1.0.1.tgz 0ms (cache hit)
npm http cache function-bind@https://registry.npmjs.org/function-bind/-/function-bind-1.1.2.tgz 0ms (cache hit)
npm http cache es-object-atoms@https://registry.npmjs.org/es-object-atoms/-/es-object-atoms-1.1.1.tgz 0ms (cache hit)
npm http cache es-define-property@https://registry.npmjs.org/es-define-property/-/es-define-property-1.0.1.tgz 0ms (cache hit)
npm http cache call-bind-apply-helpers@https://registry.npmjs.org/call-bind-apply-helpers/-/call-bind-apply-helpers-1.0.2.tgz 0ms (cache hit)
npm http cache universalify@https://registry.npmjs.org/universalify/-/universalify-0.1.2.tgz 0ms (cache hit)
npm http cache jsonfile@https://registry.npmjs.org/jsonfile/-/jsonfile-4.0.0.tgz 0ms (cache hit)
npm http cache has-tostringtag@https://registry.npmjs.org/has-tostringtag/-/has-tostringtag-1.0.2.tgz 0ms (cache hit)
npm http cache get-intrinsic@https://registry.npmjs.org/get-intrinsic/-/get-intrinsic-1.3.0.tgz 0ms (cache hit)
npm http cache es-errors@https://registry.npmjs.org/es-errors/-/es-errors-1.3.0.tgz 0ms (cache hit)
npm http cache hasown@https://registry.npmjs.org/hasown/-/hasown-2.0.2.tgz 0ms (cache hit)
npm http cache es-set-tostringtag@https://registry.npmjs.org/es-set-tostringtag/-/es-set-tostringtag-2.1.0.tgz 0ms (cache hit)
npm http cache asynckit@https://registry.npmjs.org/asynckit/-/asynckit-0.4.0.tgz 0ms (cache hit)
npm http cache escape-string-regexp@https://registry.npmjs.org/escape-string-regexp/-/escape-string-regexp-1.0.5.tgz 0ms (cache hit)
npm http cache undici-types@https://registry.npmjs.org/undici-types/-/undici-types-7.16.0.tgz 0ms (cache hit)
npm http cache @types/yauzl@https://registry.npmjs.org/@types/yauzl/-/yauzl-2.10.3.tgz 0ms (cache hit)
npm http cache @types/node@https://registry.npmjs.org/@types/node/-/node-24.9.1.tgz 0ms (cache hit)
npm http cache which@https://registry.npmjs.org/which/-/which-2.0.2.tgz 0ms (cache hit)
npm http cache shebang-command@https://registry.npmjs.org/shebang-command/-/shebang-command-2.0.0.tgz 0ms (cache hit)
npm http cache path-key@https://registry.npmjs.org/path-key/-/path-key-3.1.1.tgz 0ms (cache hit)
npm http cache strip-final-newline@https://registry.npmjs.org/strip-final-newline/-/strip-final-newline-2.0.0.tgz 0ms (cache hit)
npm http cache signal-exit@https://registry.npmjs.org/signal-exit/-/signal-exit-3.0.7.tgz 0ms (cache hit)
npm http cache onetime@https://registry.npmjs.org/onetime/-/onetime-5.1.2.tgz 0ms (cache hit)
npm http cache npm-run-path@https://registry.npmjs.org/npm-run-path/-/npm-run-path-4.0.1.tgz 0ms (cache hit)
npm http cache merge-stream@https://registry.npmjs.org/merge-stream/-/merge-stream-2.0.0.tgz 0ms (cache hit)
npm http cache human-signals@https://registry.npmjs.org/human-signals/-/human-signals-1.1.1.tgz 0ms (cache hit)
npm http cache cross-spawn@https://registry.npmjs.org/cross-spawn/-/cross-spawn-7.0.6.tgz 0ms (cache hit)
npm http cache strip-ansi@https://registry.npmjs.org/strip-ansi/-/strip-ansi-6.0.1.tgz 0ms (cache hit)
npm http cache ansi-colors@https://registry.npmjs.org/ansi-colors/-/ansi-colors-4.1.3.tgz 0ms (cache hit)
npm http cache get-stream@https://registry.npmjs.org/get-stream/-/get-stream-2.3.1.tgz 0ms (cache hit)
npm http cache unbzip2-stream@https://registry.npmjs.org/unbzip2-stream/-/unbzip2-stream-1.4.3.tgz 0ms (cache hit)
npm http cache seek-bzip@https://registry.npmjs.org/seek-bzip/-/seek-bzip-1.0.6.tgz 0ms (cache hit)
npm http cache is-stream@https://registry.npmjs.org/is-stream/-/is-stream-1.1.0.tgz 0ms (cache hit)
npm http cache file-type@https://registry.npmjs.org/file-type/-/file-type-5.2.0.tgz 1ms (cache hit)
npm http cache strip-dirs@https://registry.npmjs.org/strip-dirs/-/strip-dirs-2.1.0.tgz 0ms (cache hit)
npm http cache pify@https://registry.npmjs.org/pify/-/pify-2.3.0.tgz 0ms (cache hit)
npm http cache make-dir@https://registry.npmjs.org/make-dir/-/make-dir-1.3.0.tgz 0ms (cache hit)
npm http cache decompress-unzip@https://registry.npmjs.org/decompress-unzip/-/decompress-unzip-4.0.1.tgz 0ms (cache hit)
npm http cache decompress-targz@https://registry.npmjs.org/decompress-targz/-/decompress-targz-4.1.1.tgz 0ms (cache hit)
npm http cache decompress-tarbz2@https://registry.npmjs.org/decompress-tarbz2/-/decompress-tarbz2-4.1.1.tgz 0ms (cache hit)
npm http cache decompress-tar@https://registry.npmjs.org/decompress-tar/-/decompress-tar-4.1.1.tgz 0ms (cache hit)
npm http cache ms@https://registry.npmjs.org/ms/-/ms-2.1.3.tgz 0ms (cache hit)
npm http cache mochawesome-report-generator@https://registry.npmjs.org/mochawesome-report-generator/-/mochawesome-report-generator-6.3.0.tgz 0ms (cache hit)
npm http cache mochawesome-merge@https://registry.npmjs.org/mochawesome-merge/-/mochawesome-merge-5.0.0.tgz 0ms (cache hit)
npm http cache mochawesome@https://registry.npmjs.org/mochawesome/-/mochawesome-7.1.4.tgz 0ms (cache hit)
npm http cache delayed-stream@https://registry.npmjs.org/delayed-stream/-/delayed-stream-1.0.0.tgz 0ms (cache hit)
npm http cache @colors/colors@https://registry.npmjs.org/@colors/colors/-/colors-1.5.0.tgz 0ms (cache hit)
npm http cache restore-cursor@https://registry.npmjs.org/restore-cursor/-/restore-cursor-3.1.0.tgz 0ms (cache hit)
npm http cache ieee754@https://registry.npmjs.org/ieee754/-/ieee754-1.2.1.tgz 0ms (cache hit)
npm http cache base64-js@https://registry.npmjs.org/base64-js/-/base64-js-1.5.1.tgz 0ms (cache hit)
npm http cache lodash.once@https://registry.npmjs.org/lodash.once/-/lodash.once-4.1.1.tgz 0ms (cache hit)
npm http cache tunnel-agent@https://registry.npmjs.org/tunnel-agent/-/tunnel-agent-0.6.0.tgz 0ms (cache hit)
npm http cache tough-cookie@https://registry.npmjs.org/tough-cookie/-/tough-cookie-5.1.2.tgz 0ms (cache hit)
npm http cache safe-buffer@https://registry.npmjs.org/safe-buffer/-/safe-buffer-5.2.1.tgz 0ms (cache hit)
npm http cache qs@https://registry.npmjs.org/qs/-/qs-6.14.0.tgz 0ms (cache hit)
npm http cache performance-now@https://registry.npmjs.org/performance-now/-/performance-now-2.1.0.tgz 0ms (cache hit)
npm http cache mime-types@https://registry.npmjs.org/mime-types/-/mime-types-2.1.35.tgz 0ms (cache hit)
npm http cache json-stringify-safe@https://registry.npmjs.org/json-stringify-safe/-/json-stringify-safe-5.0.1.tgz 0ms (cache hit)
npm http cache isstream@https://registry.npmjs.org/isstream/-/isstream-0.1.2.tgz 0ms (cache hit)
npm http cache is-typedarray@https://registry.npmjs.org/is-typedarray/-/is-typedarray-1.0.0.tgz 0ms (cache hit)
npm http cache http-signature@https://registry.npmjs.org/http-signature/-/http-signature-1.4.0.tgz 0ms (cache hit)
npm http cache forever-agent@https://registry.npmjs.org/forever-agent/-/forever-agent-0.6.1.tgz 0ms (cache hit)
npm http cache extend@https://registry.npmjs.org/extend/-/extend-3.0.2.tgz 0ms (cache hit)
npm http cache combined-stream@https://registry.npmjs.org/combined-stream/-/combined-stream-1.0.8.tgz 0ms (cache hit)
npm http cache caseless@https://registry.npmjs.org/caseless/-/caseless-0.12.0.tgz 0ms (cache hit)
npm http cache aws4@https://registry.npmjs.org/aws4/-/aws4-1.13.2.tgz 0ms (cache hit)
npm http cache aws-sign2@https://registry.npmjs.org/aws-sign2/-/aws-sign2-0.7.0.tgz 0ms (cache hit)
npm http cache yauzl@https://registry.npmjs.org/yauzl/-/yauzl-2.10.0.tgz 0ms (cache hit)
npm http cache untildify@https://registry.npmjs.org/untildify/-/untildify-4.0.0.tgz 0ms (cache hit)
npm http cache tree-kill@https://registry.npmjs.org/tree-kill/-/tree-kill-1.2.2.tgz 0ms (cache hit)
npm http cache tmp@https://registry.npmjs.org/tmp/-/tmp-0.2.5.tgz 0ms (cache hit)
npm http cache semver@https://registry.npmjs.org/semver/-/semver-7.7.3.tgz 0ms (cache hit)
npm http cache request-progress@https://registry.npmjs.org/request-progress/-/request-progress-3.0.0.tgz 0ms (cache hit)
npm http cache process@https://registry.npmjs.org/process/-/process-0.11.10.tgz 0ms (cache hit)
npm http cache pretty-bytes@https://registry.npmjs.org/pretty-bytes/-/pretty-bytes-5.6.0.tgz 0ms (cache hit)
npm http cache ospath@https://registry.npmjs.org/ospath/-/ospath-1.2.2.tgz 0ms (cache hit)
npm http cache minimist@https://registry.npmjs.org/minimist/-/minimist-1.2.8.tgz 0ms (cache hit)
npm http cache log-symbols@https://registry.npmjs.org/log-symbols/-/log-symbols-4.1.0.tgz 0ms (cache hit)
npm http cache lodash@https://registry.npmjs.org/lodash/-/lodash-4.17.21.tgz 0ms (cache hit)
npm http cache listr2@https://registry.npmjs.org/listr2/-/listr2-3.14.0.tgz 0ms (cache hit)
npm http cache lazy-ass@https://registry.npmjs.org/lazy-ass/-/lazy-ass-1.6.0.tgz 0ms (cache hit)
npm http cache is-installed-globally@https://registry.npmjs.org/is-installed-globally/-/is-installed-globally-0.4.0.tgz 0ms (cache hit)
npm http cache figures@https://registry.npmjs.org/figures/-/figures-3.2.0.tgz 0ms (cache hit)
npm http cache getos@https://registry.npmjs.org/getos/-/getos-3.2.1.tgz 0ms (cache hit)
npm http cache extract-zip@https://registry.npmjs.org/extract-zip/-/extract-zip-2.0.1.tgz 0ms (cache hit)
npm http cache executable@https://registry.npmjs.org/executable/-/executable-4.1.1.tgz 0ms (cache hit)
npm http cache execa@https://registry.npmjs.org/execa/-/execa-4.1.0.tgz 0ms (cache hit)
npm http cache eventemitter2@https://registry.npmjs.org/eventemitter2/-/eventemitter2-6.4.7.tgz 0ms (cache hit)
npm http cache enquirer@https://registry.npmjs.org/enquirer/-/enquirer-2.4.1.tgz 0ms (cache hit)
npm http cache dayjs@https://registry.npmjs.org/dayjs/-/dayjs-1.11.18.tgz 0ms (cache hit)
npm http cache commander@https://registry.npmjs.org/commander/-/commander-6.2.1.tgz 0ms (cache hit)
npm http cache common-tags@https://registry.npmjs.org/common-tags/-/common-tags-1.8.2.tgz 0ms (cache hit)
npm http cache cli-table3@https://registry.npmjs.org/cli-table3/-/cli-table3-0.6.5.tgz 0ms (cache hit)
npm http cache cli-cursor@https://registry.npmjs.org/cli-cursor/-/cli-cursor-3.1.0.tgz 0ms (cache hit)
npm http cache ci-info@https://registry.npmjs.org/ci-info/-/ci-info-4.3.1.tgz 0ms (cache hit)
npm http cache check-more-types@https://registry.npmjs.org/check-more-types/-/check-more-types-2.24.0.tgz 0ms (cache hit)
npm http cache cachedir@https://registry.npmjs.org/cachedir/-/cachedir-2.4.0.tgz 0ms (cache hit)
npm http cache buffer@https://registry.npmjs.org/buffer/-/buffer-5.7.1.tgz 0ms (cache hit)
npm http cache bluebird@https://registry.npmjs.org/bluebird/-/bluebird-3.7.2.tgz 0ms (cache hit)
npm http cache blob-util@https://registry.npmjs.org/blob-util/-/blob-util-2.0.2.tgz 0ms (cache hit)
npm http cache arch@https://registry.npmjs.org/arch/-/arch-2.2.0.tgz 0ms (cache hit)
npm http cache @types/sizzle@https://registry.npmjs.org/@types/sizzle/-/sizzle-2.3.10.tgz 0ms (cache hit)
npm http cache @types/sinonjs__fake-timers@https://registry.npmjs.org/@types/sinonjs__fake-timers/-/sinonjs__fake-timers-8.1.1.tgz 0ms (cache hit)
npm http cache @cypress/xvfb@https://registry.npmjs.org/@cypress/xvfb/-/xvfb-1.2.4.tgz 0ms (cache hit)
npm http cache @cypress/request@https://registry.npmjs.org/@cypress/request/-/request-3.0.9.tgz 0ms (cache hit)
npm http cache color-name@https://registry.npmjs.org/color-name/-/color-name-1.1.4.tgz 0ms (cache hit)
npm http cache string-width@https://registry.npmjs.org/string-width/-/string-width-4.2.3.tgz 0ms (cache hit)
npm http cache color-convert@https://registry.npmjs.org/color-convert/-/color-convert-2.0.1.tgz 0ms (cache hit)
npm http cache supports-color@https://registry.npmjs.org/supports-color/-/supports-color-7.2.0.tgz 0ms (cache hit)
npm http cache ansi-styles@https://registry.npmjs.org/ansi-styles/-/ansi-styles-4.3.0.tgz 0ms (cache hit)
npm http cache debug@https://registry.npmjs.org/debug/-/debug-4.4.3.tgz 0ms (cache hit)
npm http cache temp-fs@https://registry.npmjs.org/temp-fs/-/temp-fs-0.9.9.tgz 0ms (cache hit)
npm http cache ps-tree@https://registry.npmjs.org/ps-tree/-/ps-tree-1.2.0.tgz 0ms (cache hit)
npm http cache is-running@https://registry.npmjs.org/is-running/-/is-running-2.1.0.tgz 0ms (cache hit)
npm http cache https-proxy-agent@https://registry.npmjs.org/https-proxy-agent/-/https-proxy-agent-5.0.1.tgz 0ms (cache hit)
npm http cache is-retry-allowed@https://registry.npmjs.org/is-retry-allowed/-/is-retry-allowed-2.2.0.tgz 0ms (cache hit)
npm http cache agent-base@https://registry.npmjs.org/agent-base/-/agent-base-6.0.2.tgz 0ms (cache hit)
npm http cache @babel/runtime@https://registry.npmjs.org/@babel/runtime/-/runtime-7.28.4.tgz 0ms (cache hit)
npm http cache proxy-from-env@https://registry.npmjs.org/proxy-from-env/-/proxy-from-env-1.1.0.tgz 0ms (cache hit)
npm http cache follow-redirects@https://registry.npmjs.org/follow-redirects/-/follow-redirects-1.15.11.tgz 0ms (cache hit)
npm http cache normalize-path@https://registry.npmjs.org/normalize-path/-/normalize-path-3.0.0.tgz 0ms (cache hit)
npm http cache lodash.isplainobject@https://registry.npmjs.org/lodash.isplainobject/-/lodash.isplainobject-4.0.6.tgz 0ms (cache hit)
npm http cache lodash.union@https://registry.npmjs.org/lodash.union/-/lodash.union-4.6.0.tgz 0ms (cache hit)
npm http cache lodash.flatten@https://registry.npmjs.org/lodash.flatten/-/lodash.flatten-4.4.0.tgz 0ms (cache hit)
npm http cache lodash.difference@https://registry.npmjs.org/lodash.difference/-/lodash.difference-4.5.0.tgz 0ms (cache hit)
npm http cache lodash.defaults@https://registry.npmjs.org/lodash.defaults/-/lodash.defaults-4.2.0.tgz 0ms (cache hit)
npm http cache lazystream@https://registry.npmjs.org/lazystream/-/lazystream-1.0.1.tgz 0ms (cache hit)
npm http cache graceful-fs@https://registry.npmjs.org/graceful-fs/-/graceful-fs-4.2.11.tgz 0ms (cache hit)
npm http cache zip-stream@https://registry.npmjs.org/zip-stream/-/zip-stream-4.1.1.tgz 0ms (cache hit)
npm http cache tar-stream@https://registry.npmjs.org/tar-stream/-/tar-stream-2.2.0.tgz 0ms (cache hit)
npm http cache readdir-glob@https://registry.npmjs.org/readdir-glob/-/readdir-glob-1.1.3.tgz 0ms (cache hit)
npm http cache readable-stream@https://registry.npmjs.org/readable-stream/-/readable-stream-3.6.2.tgz 0ms (cache hit)
npm http cache buffer-crc32@https://registry.npmjs.org/buffer-crc32/-/buffer-crc32-0.2.13.tgz 0ms (cache hit)
npm http cache archiver-utils@https://registry.npmjs.org/archiver-utils/-/archiver-utils-2.1.0.tgz 0ms (cache hit)
npm http cache yargs@https://registry.npmjs.org/yargs/-/yargs-14.2.3.tgz 0ms (cache hit)
npm http cache winston@https://registry.npmjs.org/winston/-/winston-2.4.4.tgz 0ms (cache hit)
npm http cache windows-release@https://registry.npmjs.org/windows-release/-/windows-release-5.1.1.tgz 0ms (cache hit)
npm http cache uuid@https://registry.npmjs.org/uuid/-/uuid-8.3.2.tgz 0ms (cache hit)
npm http cache update-notifier@https://registry.npmjs.org/update-notifier/-/update-notifier-7.0.0.tgz 0ms (cache hit)
npm http cache unzipper@https://registry.npmjs.org/unzipper/-/unzipper-0.12.3.tgz 0ms (cache hit)
npm http cache tsc-alias@https://registry.npmjs.org/tsc-alias/-/tsc-alias-1.8.16.tgz 0ms (cache hit)
npm http cache table@https://registry.npmjs.org/table/-/table-5.4.6.tgz 0ms (cache hit)
npm http cache node-ipc@https://registry.npmjs.org/node-ipc/-/node-ipc-9.1.1.tgz 0ms (cache hit)
npm http cache mocha@https://registry.npmjs.org/mocha/-/mocha-10.8.2.tgz 0ms (cache hit)
npm http cache mkdirp@https://registry.npmjs.org/mkdirp/-/mkdirp-1.0.4.tgz 0ms (cache hit)
npm http cache glob@https://registry.npmjs.org/glob/-/glob-7.2.3.tgz 0ms (cache hit)
npm http cache gitconfiglocal@https://registry.npmjs.org/gitconfiglocal/-/gitconfiglocal-2.1.0.tgz 0ms (cache hit)
npm http cache git-repo-info@https://registry.npmjs.org/git-repo-info/-/git-repo-info-2.1.1.tgz 0ms (cache hit)
npm http cache git-last-commit@https://registry.npmjs.org/git-last-commit/-/git-last-commit-1.0.1.tgz 0ms (cache hit)
npm http cache getmac@https://registry.npmjs.org/getmac/-/getmac-5.20.0.tgz 0ms (cache hit)
npm http cache fs-extra@https://registry.npmjs.org/fs-extra/-/fs-extra-8.1.0.tgz 0ms (cache hit)
npm http cache form-data@https://registry.npmjs.org/form-data/-/form-data-4.0.4.tgz 0ms (cache hit)
npm http cache decompress@https://registry.npmjs.org/decompress/-/decompress-4.2.1.tgz 0ms (cache hit)
npm http cache cli-progress@https://registry.npmjs.org/cli-progress/-/cli-progress-3.12.0.tgz 0ms (cache hit)
npm http cache chalk@https://registry.npmjs.org/chalk/-/chalk-4.1.2.tgz 0ms (cache hit)
npm http cache browserstack-local@https://registry.npmjs.org/browserstack-local/-/browserstack-local-1.5.4.tgz 0ms (cache hit)
npm http cache axios-retry@https://registry.npmjs.org/axios-retry/-/axios-retry-3.9.1.tgz 0ms (cache hit)
npm http cache axios@https://registry.npmjs.org/axios/-/axios-1.12.2.tgz 0ms (cache hit)
npm http cache async@https://registry.npmjs.org/async/-/async-3.2.3.tgz 0ms (cache hit)
npm http cache archiver@https://registry.npmjs.org/archiver/-/archiver-5.3.0.tgz 0ms (cache hit)
npm http cache cypress-mochawesome-reporter@https://registry.npmjs.org/cypress-mochawesome-reporter/-/cypress-mochawesome-reporter-4.0.2.tgz 0ms (cache hit)
npm http cache cypress@https://registry.npmjs.org/cypress/-/cypress-13.17.0.tgz 0ms (cache hit)
npm http cache browserstack-cypress-cli@https://registry.npmjs.org/browserstack-cypress-cli/-/browserstack-cypress-cli-1.34.0.tgz 0ms (cache hit)
npm http cache @faker-js/faker@https://registry.npmjs.org/@faker-js/faker/-/faker-10.1.0.tgz 0ms (cache hit)
npm http cache ansi-styles@https://registry.npmjs.org/ansi-styles/-/ansi-styles-6.2.3.tgz 0ms (cache hit)
npm http cache emoji-regex@https://registry.npmjs.org/emoji-regex/-/emoji-regex-9.2.2.tgz 0ms (cache hit)
npm http cache ansi-regex@https://registry.npmjs.org/ansi-regex/-/ansi-regex-6.2.2.tgz 0ms (cache hit)
npm http cache wrap-ansi@https://registry.npmjs.org/wrap-ansi/-/wrap-ansi-8.1.0.tgz 0ms (cache hit)
npm http cache string-width@https://registry.npmjs.org/string-width/-/string-width-5.1.2.tgz 0ms (cache hit)
npm http cache signal-exit@https://registry.npmjs.org/signal-exit/-/signal-exit-4.1.0.tgz 0ms (cache hit)
npm http cache strip-ansi@https://registry.npmjs.org/strip-ansi/-/strip-ansi-7.1.2.tgz 0ms (cache hit)
npm http cache isarray@https://registry.npmjs.org/isarray/-/isarray-2.0.5.tgz 0ms (cache hit)
npm http cache color-name@https://registry.npmjs.org/color-name/-/color-name-1.1.3.tgz 0ms (cache hit)
npm http cache color-convert@https://registry.npmjs.org/color-convert/-/color-convert-1.9.3.tgz 0ms (cache hit)
npm http cache ansi-styles@https://registry.npmjs.org/ansi-styles/-/ansi-styles-3.2.1.tgz 0ms (cache hit)
npm http cache ansi-regex@https://registry.npmjs.org/ansi-regex/-/ansi-regex-4.1.1.tgz 0ms (cache hit)
npm http cache is-fullwidth-code-point@https://registry.npmjs.org/is-fullwidth-code-point/-/is-fullwidth-code-point-2.0.0.tgz 0ms (cache hit)
npm http cache emoji-regex@https://registry.npmjs.org/emoji-regex/-/emoji-regex-7.0.3.tgz 0ms (cache hit)
npm http cache wrap-ansi@https://registry.npmjs.org/wrap-ansi/-/wrap-ansi-5.1.0.tgz 0ms (cache hit)
npm http cache strip-ansi@https://registry.npmjs.org/strip-ansi/-/strip-ansi-5.2.0.tgz 0ms (cache hit)
npm http cache string-width@https://registry.npmjs.org/string-width/-/string-width-3.1.0.tgz 0ms (cache hit)
npm http cache type-fest@https://registry.npmjs.org/type-fest/-/type-fest-1.4.0.tgz 0ms (cache hit)
npm http cache strip-json-comments@https://registry.npmjs.org/strip-json-comments/-/strip-json-comments-2.0.1.tgz 0ms (cache hit)
npm http cache graceful-fs@https://registry.npmjs.org/graceful-fs/-/graceful-fs-4.2.10.tgz 0ms (cache hit)
npm http cache mimic-response@https://registry.npmjs.org/mimic-response/-/mimic-response-3.1.0.tgz 0ms (cache hit)
npm http cache get-stream@https://registry.npmjs.org/get-stream/-/get-stream-6.0.1.tgz 0ms (cache hit)
npm http cache get-stream@https://registry.npmjs.org/get-stream/-/get-stream-6.0.1.tgz 0ms (cache hit)
npm http cache strip-ansi@https://registry.npmjs.org/strip-ansi/-/strip-ansi-7.1.2.tgz 0ms (cache hit)
npm http cache ansi-regex@https://registry.npmjs.org/ansi-regex/-/ansi-regex-6.2.2.tgz 0ms (cache hit)
npm http cache emoji-regex@https://registry.npmjs.org/emoji-regex/-/emoji-regex-9.2.2.tgz 0ms (cache hit)
npm http cache string-width@https://registry.npmjs.org/string-width/-/string-width-5.1.2.tgz 0ms (cache hit)
npm http cache ansi-styles@https://registry.npmjs.org/ansi-styles/-/ansi-styles-6.2.3.tgz 0ms (cache hit)
npm http cache ansi-regex@https://registry.npmjs.org/ansi-regex/-/ansi-regex-6.2.2.tgz 0ms (cache hit)
npm http cache strip-ansi@https://registry.npmjs.org/strip-ansi/-/strip-ansi-7.1.2.tgz 0ms (cache hit)
npm http cache emoji-regex@https://registry.npmjs.org/emoji-regex/-/emoji-regex-9.2.2.tgz 0ms (cache hit)
npm http cache wrap-ansi@https://registry.npmjs.org/wrap-ansi/-/wrap-ansi-8.1.0.tgz 0ms (cache hit)
npm http cache type-fest@https://registry.npmjs.org/type-fest/-/type-fest-2.19.0.tgz 0ms (cache hit)
npm http cache string-width@https://registry.npmjs.org/string-width/-/string-width-5.1.2.tgz 0ms (cache hit)
npm http cache chalk@https://registry.npmjs.org/chalk/-/chalk-5.6.2.tgz 0ms (cache hit)
npm http cache string_decoder@https://registry.npmjs.org/string_decoder/-/string_decoder-1.1.1.tgz 0ms (cache hit)
npm http cache safe-buffer@https://registry.npmjs.org/safe-buffer/-/safe-buffer-5.1.2.tgz 0ms (cache hit)
npm http cache readable-stream@https://registry.npmjs.org/readable-stream/-/readable-stream-2.3.8.tgz 0ms (cache hit)
npm http cache decamelize@https://registry.npmjs.org/decamelize/-/decamelize-4.0.0.tgz 0ms (cache hit)
npm http cache camelcase@https://registry.npmjs.org/camelcase/-/camelcase-6.3.0.tgz 0ms (cache hit)
npm http cache wrap-ansi@https://registry.npmjs.org/wrap-ansi/-/wrap-ansi-6.2.0.tgz 0ms (cache hit)
npm http cache slice-ansi@https://registry.npmjs.org/slice-ansi/-/slice-ansi-4.0.0.tgz 0ms (cache hit)
npm http cache ini@https://registry.npmjs.org/ini/-/ini-2.0.0.tgz 0ms (cache hit)
npm http cache commander@https://registry.npmjs.org/commander/-/commander-2.20.3.tgz 0ms (cache hit)
npm http cache pify@https://registry.npmjs.org/pify/-/pify-3.0.0.tgz 0ms (cache hit)
npm http cache file-type@https://registry.npmjs.org/file-type/-/file-type-3.9.0.tgz 0ms (cache hit)
npm http cache file-type@https://registry.npmjs.org/file-type/-/file-type-6.2.0.tgz 0ms (cache hit)
npm http cache string_decoder@https://registry.npmjs.org/string_decoder/-/string_decoder-1.1.1.tgz 0ms (cache hit)
npm http cache safe-buffer@https://registry.npmjs.org/safe-buffer/-/safe-buffer-5.1.2.tgz 0ms (cache hit)
npm http cache readable-stream@https://registry.npmjs.org/readable-stream/-/readable-stream-2.3.8.tgz 1ms (cache hit)
npm http cache bl@https://registry.npmjs.org/bl/-/bl-1.2.3.tgz 0ms (cache hit)
npm http cache tar-stream@https://registry.npmjs.org/tar-stream/-/tar-stream-1.6.2.tgz 0ms (cache hit)
npm http cache yargs-parser@https://registry.npmjs.org/yargs-parser/-/yargs-parser-21.1.1.tgz 0ms (cache hit)
npm http cache y18n@https://registry.npmjs.org/y18n/-/y18n-5.0.8.tgz 0ms (cache hit)
npm http cache cliui@https://registry.npmjs.org/cliui/-/cliui-8.0.1.tgz 0ms (cache hit)
npm http cache universalify@https://registry.npmjs.org/universalify/-/universalify-2.0.1.tgz 0ms (cache hit)
npm http cache jsonfile@https://registry.npmjs.org/jsonfile/-/jsonfile-6.2.0.tgz 0ms (cache hit)
npm http cache yargs@https://registry.npmjs.org/yargs/-/yargs-17.7.2.tgz 0ms (cache hit)
npm http cache fs-extra@https://registry.npmjs.org/fs-extra/-/fs-extra-10.1.0.tgz 0ms (cache hit)
npm http cache yargs-parser@https://registry.npmjs.org/yargs-parser/-/yargs-parser-21.1.1.tgz 0ms (cache hit)
npm http cache y18n@https://registry.npmjs.org/y18n/-/y18n-5.0.8.tgz 0ms (cache hit)
npm http cache cliui@https://registry.npmjs.org/cliui/-/cliui-8.0.1.tgz 0ms (cache hit)
npm http cache minimatch@https://registry.npmjs.org/minimatch/-/minimatch-10.0.3.tgz 0ms (cache hit)
npm http cache universalify@https://registry.npmjs.org/universalify/-/universalify-2.0.1.tgz 0ms (cache hit)
npm http cache jsonfile@https://registry.npmjs.org/jsonfile/-/jsonfile-6.2.0.tgz 0ms (cache hit)
npm http cache yargs@https://registry.npmjs.org/yargs/-/yargs-17.7.2.tgz 0ms (cache hit)
npm http cache glob@https://registry.npmjs.org/glob/-/glob-11.0.3.tgz 0ms (cache hit)
npm http cache fs-extra@https://registry.npmjs.org/fs-extra/-/fs-extra-11.3.2.tgz 0ms (cache hit)
npm http cache get-stream@https://registry.npmjs.org/get-stream/-/get-stream-5.2.0.tgz 0ms (cache hit)
npm http cache is-stream@https://registry.npmjs.org/is-stream/-/is-stream-2.0.1.tgz 0ms (cache hit)
npm http cache get-stream@https://registry.npmjs.org/get-stream/-/get-stream-5.2.0.tgz 0ms (cache hit)
npm http cache debug@https://registry.npmjs.org/debug/-/debug-3.2.7.tgz 0ms (cache hit)
npm http cache string_decoder@https://registry.npmjs.org/string_decoder/-/string_decoder-1.1.1.tgz 0ms (cache hit)
npm http cache safe-buffer@https://registry.npmjs.org/safe-buffer/-/safe-buffer-5.1.2.tgz 0ms (cache hit)
npm http cache readable-stream@https://registry.npmjs.org/readable-stream/-/readable-stream-2.3.8.tgz 0ms (cache hit)
npm http cache archiver-utils@https://registry.npmjs.org/archiver-utils/-/archiver-utils-3.0.4.tgz 0ms (cache hit)
npm http cache brace-expansion@https://registry.npmjs.org/brace-expansion/-/brace-expansion-2.0.2.tgz 0ms (cache hit)
npm http cache minimatch@https://registry.npmjs.org/minimatch/-/minimatch-5.1.6.tgz 0ms (cache hit)
npm http cache safe-buffer@https://registry.npmjs.org/safe-buffer/-/safe-buffer-5.1.2.tgz 0ms (cache hit)
npm http cache string_decoder@https://registry.npmjs.org/string_decoder/-/string_decoder-1.1.1.tgz 0ms (cache hit)
npm http cache readable-stream@https://registry.npmjs.org/readable-stream/-/readable-stream-2.3.8.tgz 0ms (cache hit)
npm http cache camelcase@https://registry.npmjs.org/camelcase/-/camelcase-5.3.1.tgz 0ms (cache hit)
npm http cache ansi-regex@https://registry.npmjs.org/ansi-regex/-/ansi-regex-4.1.1.tgz 0ms (cache hit)
npm http cache strip-ansi@https://registry.npmjs.org/strip-ansi/-/strip-ansi-5.2.0.tgz 0ms (cache hit)
npm http cache is-fullwidth-code-point@https://registry.npmjs.org/is-fullwidth-code-point/-/is-fullwidth-code-point-2.0.0.tgz 0ms (cache hit)
npm http cache emoji-regex@https://registry.npmjs.org/emoji-regex/-/emoji-regex-7.0.3.tgz 0ms (cache hit)
npm http cache p-limit@https://registry.npmjs.org/p-limit/-/p-limit-2.3.0.tgz 0ms (cache hit)
npm http cache path-exists@https://registry.npmjs.org/path-exists/-/path-exists-3.0.0.tgz 0ms (cache hit)
npm http cache p-locate@https://registry.npmjs.org/p-locate/-/p-locate-3.0.0.tgz 0ms (cache hit)
npm http cache locate-path@https://registry.npmjs.org/locate-path/-/locate-path-3.0.0.tgz 0ms (cache hit)
npm http cache yargs-parser@https://registry.npmjs.org/yargs-parser/-/yargs-parser-15.0.3.tgz 0ms (cache hit)
npm http cache string-width@https://registry.npmjs.org/string-width/-/string-width-3.1.0.tgz 0ms (cache hit)
npm http cache find-up@https://registry.npmjs.org/find-up/-/find-up-3.0.0.tgz 0ms (cache hit)
npm http cache async@https://registry.npmjs.org/async/-/async-1.0.0.tgz 0ms (cache hit)
npm http cache is-stream@https://registry.npmjs.org/is-stream/-/is-stream-2.0.1.tgz 0ms (cache hit)
npm http cache human-signals@https://registry.npmjs.org/human-signals/-/human-signals-2.1.0.tgz 0ms (cache hit)
npm http cache get-stream@https://registry.npmjs.org/get-stream/-/get-stream-6.0.1.tgz 0ms (cache hit)
npm http cache execa@https://registry.npmjs.org/execa/-/execa-5.1.1.tgz 0ms (cache hit)
npm http cache chalk@https://registry.npmjs.org/chalk/-/chalk-5.6.2.tgz 0ms (cache hit)
npm http cache jsonfile@https://registry.npmjs.org/jsonfile/-/jsonfile-6.2.0.tgz 0ms (cache hit)
npm http cache universalify@https://registry.npmjs.org/universalify/-/universalify-2.0.1.tgz 0ms (cache hit)
npm http cache fs-extra@https://registry.npmjs.org/fs-extra/-/fs-extra-11.3.2.tgz 0ms (cache hit)
npm http cache ansi-regex@https://registry.npmjs.org/ansi-regex/-/ansi-regex-4.1.1.tgz 0ms (cache hit)
npm http cache commander@https://registry.npmjs.org/commander/-/commander-9.5.0.tgz 0ms (cache hit)
npm http cache strip-ansi@https://registry.npmjs.org/strip-ansi/-/strip-ansi-5.2.0.tgz 0ms (cache hit)
npm http cache color-name@https://registry.npmjs.org/color-name/-/color-name-1.1.3.tgz 0ms (cache hit)
npm http cache emoji-regex@https://registry.npmjs.org/emoji-regex/-/emoji-regex-7.0.3.tgz 0ms (cache hit)
npm http cache color-convert@https://registry.npmjs.org/color-convert/-/color-convert-1.9.3.tgz 0ms (cache hit)
npm http cache is-fullwidth-code-point@https://registry.npmjs.org/is-fullwidth-code-point/-/is-fullwidth-code-point-2.0.0.tgz 0ms (cache hit)
npm http cache astral-regex@https://registry.npmjs.org/astral-regex/-/astral-regex-1.0.0.tgz 0ms (cache hit)
npm http cache ansi-styles@https://registry.npmjs.org/ansi-styles/-/ansi-styles-3.2.1.tgz 0ms (cache hit)
npm http cache string-width@https://registry.npmjs.org/string-width/-/string-width-3.1.0.tgz 0ms (cache hit)
npm http cache slice-ansi@https://registry.npmjs.org/slice-ansi/-/slice-ansi-2.1.0.tgz 0ms (cache hit)
npm http cache y18n@https://registry.npmjs.org/y18n/-/y18n-5.0.8.tgz 0ms (cache hit)
npm http cache cliui@https://registry.npmjs.org/cliui/-/cliui-7.0.4.tgz 0ms (cache hit)
npm http cache brace-expansion@https://registry.npmjs.org/brace-expansion/-/brace-expansion-2.0.2.tgz 0ms (cache hit)
npm http cache yargs@https://registry.npmjs.org/yargs/-/yargs-16.2.0.tgz 0ms (cache hit)
npm http cache supports-color@https://registry.npmjs.org/supports-color/-/supports-color-8.1.1.tgz 0ms (cache hit)
npm http cache minimatch@https://registry.npmjs.org/minimatch/-/minimatch-5.1.6.tgz 0ms (cache hit)
npm http cache glob@https://registry.npmjs.org/glob/-/glob-8.1.0.tgz 0ms (cache hit)
npm http cache escape-string-regexp@https://registry.npmjs.org/escape-string-regexp/-/escape-string-regexp-4.0.0.tgz 0ms (cache hit)
npm http cache @types/node@https://registry.npmjs.org/@types/node/-/node-16.18.126.tgz 0ms (cache hit)
npm http cache universalify@https://registry.npmjs.org/universalify/-/universalify-2.0.1.tgz 0ms (cache hit)
npm http cache jsonfile@https://registry.npmjs.org/jsonfile/-/jsonfile-6.2.0.tgz 0ms (cache hit)
npm http cache commander@https://registry.npmjs.org/commander/-/commander-10.0.1.tgz 0ms (cache hit)
npm http cache fs-extra@https://registry.npmjs.org/fs-extra/-/fs-extra-11.3.2.tgz 0ms (cache hit)
npm http cache universalify@https://registry.npmjs.org/universalify/-/universalify-2.0.1.tgz 0ms (cache hit)
npm http cache jsonfile@https://registry.npmjs.org/jsonfile/-/jsonfile-6.2.0.tgz 0ms (cache hit)
npm http cache supports-color@https://registry.npmjs.org/supports-color/-/supports-color-8.1.1.tgz 0ms (cache hit)
npm http cache proxy-from-env@https://registry.npmjs.org/proxy-from-env/-/proxy-from-env-1.0.0.tgz 0ms (cache hit)
npm http cache fs-extra@https://registry.npmjs.org/fs-extra/-/fs-extra-9.1.0.tgz 0ms (cache hit)
npm http fetch POST 200 https://registry.npmjs.org/-/npm/v1/security/advisories/bulk 1538ms
npm warn deprecated inflight@1.0.6: This module is not supported, and leaks memory. Do not use it. Check out lru-cache if you want a good and tested way to coalesce async requests by a key value, which is much more comprehensive and powerful.
npm warn deprecated rimraf@2.5.4: Rimraf versions prior to v4 are no longer supported
npm http fetch GET 200 https://registry.npmjs.org/validator 4593ms (cache revalidated)
npm warn deprecated glob@8.1.0: Glob versions prior to v9 are no longer supported
npm warn deprecated glob@7.2.3: Glob versions prior to v9 are no longer supported
npm http fetch GET 200 https://registry.npmjs.org/mochawesome-report-generator 1913ms (cache revalidated)
npm http fetch GET 200 https://registry.npmjs.org/mochawesome 399ms (cache revalidated)
npm http fetch GET 200 https://registry.npmjs.org/cypress-mochawesome-reporter 807ms (cache revalidated)
npm info run cypress@13.17.0 postinstall node_modules/cypress node index.js --exec install
npm info run cypress@13.17.0 postinstall { code: 0, signal: null }

added 561 packages, and audited 562 packages in 60s

119 packages are looking for funding
  run `npm fund` for details

4 moderate severity vulnerabilities

To address issues that do not require attention, run:
  npm audit fix

Some issues need review, and may require choosing
a different dependency.

Run `npm audit` for details.
npm verbose cwd D:\Users\Nataliaado\Documents\projetos-automacao\cypress-web\tmpBstackPackages
npm verbose os Windows_NT 10.0.19045
npm verbose node v22.14.0
npm verbose npm  v10.9.2
npm verbose exit 0
npm info ok
